2019-10-02 11:53:27  INFO: HikariPool-1 - Starting...
2019-10-02 11:53:27  INFO: HikariPool-1 - Start completed.
2019-10-02 11:53:28  INFO: Clearing database change log checksums
2019-10-02 11:53:28  INFO: SELECT COUNT(*) FROM PUBLIC.DATABASECHANGELOGLOCK
2019-10-02 11:53:28  INFO: CREATE TABLE PUBLIC.DATABASECHANGELOGLOCK (ID INT NOT NULL, LOCKED BOOLEAN NOT NULL, LOCKGRANTED TIMESTAMP, LOCKEDBY VARCHAR(255), CONSTRAINT PK_DATABASECHANGELOGLOCK PRIMARY KEY (ID))
2019-10-02 11:53:28  INFO: SELECT COUNT(*) FROM PUBLIC.DATABASECHANGELOGLOCK
2019-10-02 11:53:28  INFO: DELETE FROM PUBLIC.DATABASECHANGELOGLOCK
2019-10-02 11:53:28  INFO: INSERT INTO PUBLIC.DATABASECHANGELOGLOCK (ID, LOCKED) VALUES (1, FALSE)
2019-10-02 11:53:28  INFO: SELECT LOCKED FROM PUBLIC.DATABASECHANGELOGLOCK WHERE ID=1
2019-10-02 11:53:28  INFO: Successfully acquired change log lock
2019-10-02 11:53:28  INFO: Creating database history table with name: PUBLIC.DATABASECHANGELOG
2019-10-02 11:53:28  INFO: CREATE TABLE PUBLIC.DATABASECHANGELOG (ID VARCHAR(255) NOT NULL, AUTHOR VARCHAR(255) NOT NULL, FILENAME VARCHAR(255) NOT NULL, DATEEXECUTED TIMESTAMP NOT NULL, ORDEREXECUTED INT NOT NULL, EXECTYPE VARCHAR(10) NOT NULL, MD5SUM VARCHAR(35), DESCRIPTION VARCHAR(255), COMMENTS VARCHAR(255), TAG VARCHAR(255), LIQUIBASE VARCHAR(20), CONTEXTS VARCHAR(255), LABELS VARCHAR(255), DEPLOYMENT_ID VARCHAR(10))
2019-10-02 11:53:28  INFO: SELECT COUNT(*) FROM PUBLIC.DATABASECHANGELOGLOCK
2019-10-02 11:53:28  INFO: UPDATE PUBLIC.DATABASECHANGELOG SET MD5SUM = NULL
2019-10-02 11:53:28  INFO: Successfully released change log lock
2019-10-02 11:53:28  INFO: SELECT COUNT(*) FROM PUBLIC.DATABASECHANGELOGLOCK
2019-10-02 11:53:28  INFO: SELECT COUNT(*) FROM PUBLIC.DATABASECHANGELOGLOCK
2019-10-02 11:53:28  INFO: SELECT LOCKED FROM PUBLIC.DATABASECHANGELOGLOCK WHERE ID=1
2019-10-02 11:53:28  INFO: Successfully acquired change log lock
2019-10-02 11:53:30  INFO: SELECT MD5SUM FROM PUBLIC.DATABASECHANGELOG WHERE MD5SUM IS NOT NULL
2019-10-02 11:53:30  INFO: SELECT COUNT(*) FROM PUBLIC.DATABASECHANGELOG
2019-10-02 11:53:30  INFO: Reading from PUBLIC.DATABASECHANGELOG
2019-10-02 11:53:30  INFO: SELECT * FROM PUBLIC.DATABASECHANGELOG ORDER BY DATEEXECUTED ASC, ORDEREXECUTED ASC
2019-10-02 11:53:31  INFO: CREATE TABLE PUBLIC.tc_attributes (id INT AUTO_INCREMENT NOT NULL, description VARCHAR(4000) NOT NULL, type VARCHAR(128) NOT NULL, attribute VARCHAR(128) NOT NULL, expression VARCHAR(4000) NOT NULL, CONSTRAINT PK_TC_ATTRIBUTES PRIMARY KEY (id))
2019-10-02 11:53:31  INFO: Table tc_attributes created
2019-10-02 11:53:31  INFO: CREATE TABLE PUBLIC.tc_calendars (id INT AUTO_INCREMENT NOT NULL, name VARCHAR(128) NOT NULL, data BLOB NOT NULL, attributes VARCHAR(4000) NOT NULL, CONSTRAINT PK_TC_CALENDARS PRIMARY KEY (id))
2019-10-02 11:53:31  INFO: Table tc_calendars created
2019-10-02 11:53:31  INFO: CREATE TABLE PUBLIC.tc_commands (id INT AUTO_INCREMENT NOT NULL, description VARCHAR(4000) NOT NULL, type VARCHAR(128) NOT NULL, textchannel BOOLEAN DEFAULT FALSE NOT NULL, attributes VARCHAR(4000) NOT NULL, CONSTRAINT PK_TC_COMMANDS PRIMARY KEY (id))
2019-10-02 11:53:31  INFO: Table tc_commands created
2019-10-02 11:53:31  INFO: CREATE TABLE PUBLIC.tc_device_attribute (deviceid INT NOT NULL, attributeid INT NOT NULL)
2019-10-02 11:53:31  INFO: Table tc_device_attribute created
2019-10-02 11:53:31  INFO: CREATE TABLE PUBLIC.tc_device_command (deviceid INT NOT NULL, commandid INT NOT NULL)
2019-10-02 11:53:31  INFO: Table tc_device_command created
2019-10-02 11:53:31  INFO: CREATE TABLE PUBLIC.tc_device_driver (deviceid INT NOT NULL, driverid INT NOT NULL)
2019-10-02 11:53:31  INFO: Table tc_device_driver created
2019-10-02 11:53:31  INFO: CREATE TABLE PUBLIC.tc_device_geofence (deviceid INT NOT NULL, geofenceid INT NOT NULL)
2019-10-02 11:53:31  INFO: Table tc_device_geofence created
2019-10-02 11:53:31  INFO: CREATE TABLE PUBLIC.tc_device_maintenance (deviceid INT NOT NULL, maintenanceid INT NOT NULL)
2019-10-02 11:53:31  INFO: Table tc_device_maintenance created
2019-10-02 11:53:31  INFO: CREATE TABLE PUBLIC.tc_device_notification (deviceid INT NOT NULL, notificationid INT NOT NULL)
2019-10-02 11:53:31  INFO: Table tc_device_notification created
2019-10-02 11:53:31  INFO: CREATE TABLE PUBLIC.tc_devices (id INT AUTO_INCREMENT NOT NULL, name VARCHAR(128) NOT NULL, uniqueid VARCHAR(128) NOT NULL, lastupdate TIMESTAMP, positionid INT, groupid INT, attributes VARCHAR(4000), phone VARCHAR(128), model VARCHAR(128), contact VARCHAR(512), category VARCHAR(128), disabled BOOLEAN DEFAULT FALSE, CONSTRAINT PK_TC_DEVICES PRIMARY KEY (id), UNIQUE (uniqueid))
2019-10-02 11:53:31  INFO: Table tc_devices created
2019-10-02 11:53:31  INFO: CREATE TABLE PUBLIC.tc_drivers (id INT AUTO_INCREMENT NOT NULL, name VARCHAR(128) NOT NULL, uniqueid VARCHAR(128) NOT NULL, attributes VARCHAR(4000) NOT NULL, CONSTRAINT PK_TC_DRIVERS PRIMARY KEY (id), UNIQUE (uniqueid))
2019-10-02 11:53:31  INFO: Table tc_drivers created
2019-10-02 11:53:31  INFO: CREATE TABLE PUBLIC.tc_events (id INT AUTO_INCREMENT NOT NULL, type VARCHAR(128) NOT NULL, servertime TIMESTAMP NOT NULL, deviceid INT, positionid INT, geofenceid INT, attributes VARCHAR(4000), maintenanceid INT, CONSTRAINT PK_TC_EVENTS PRIMARY KEY (id))
2019-10-02 11:53:31  INFO: Table tc_events created
2019-10-02 11:53:31  INFO: CREATE TABLE PUBLIC.tc_geofences (id INT AUTO_INCREMENT NOT NULL, name VARCHAR(128) NOT NULL, description VARCHAR(128), area VARCHAR(4096) NOT NULL, attributes VARCHAR(4000), calendarid INT, CONSTRAINT PK_TC_GEOFENCES PRIMARY KEY (id))
2019-10-02 11:53:31  INFO: Table tc_geofences created
2019-10-02 11:53:31  INFO: CREATE TABLE PUBLIC.tc_group_attribute (groupid INT NOT NULL, attributeid INT NOT NULL)
2019-10-02 11:53:31  INFO: Table tc_group_attribute created
2019-10-02 11:53:31  INFO: CREATE TABLE PUBLIC.tc_group_command (groupid INT NOT NULL, commandid INT NOT NULL)
2019-10-02 11:53:31  INFO: Table tc_group_command created
2019-10-02 11:53:31  INFO: CREATE TABLE PUBLIC.tc_group_driver (groupid INT NOT NULL, driverid INT NOT NULL)
2019-10-02 11:53:31  INFO: Table tc_group_driver created
2019-10-02 11:53:31  INFO: CREATE TABLE PUBLIC.tc_group_geofence (groupid INT NOT NULL, geofenceid INT NOT NULL)
2019-10-02 11:53:31  INFO: Table tc_group_geofence created
2019-10-02 11:53:31  INFO: CREATE TABLE PUBLIC.tc_group_maintenance (groupid INT NOT NULL, maintenanceid INT NOT NULL)
2019-10-02 11:53:31  INFO: Table tc_group_maintenance created
2019-10-02 11:53:31  INFO: CREATE TABLE PUBLIC.tc_group_notification (groupid INT NOT NULL, notificationid INT NOT NULL)
2019-10-02 11:53:31  INFO: Table tc_group_notification created
2019-10-02 11:53:31  INFO: CREATE TABLE PUBLIC.tc_groups (id INT AUTO_INCREMENT NOT NULL, name VARCHAR(128) NOT NULL, groupid INT, attributes VARCHAR(4000), CONSTRAINT PK_TC_GROUPS PRIMARY KEY (id))
2019-10-02 11:53:31  INFO: Table tc_groups created
2019-10-02 11:53:31  INFO: CREATE TABLE PUBLIC.tc_maintenances (id INT AUTO_INCREMENT NOT NULL, name VARCHAR(4000) NOT NULL, type VARCHAR(128) NOT NULL, start DOUBLE DEFAULT 0 NOT NULL, period DOUBLE DEFAULT 0 NOT NULL, attributes VARCHAR(4000) NOT NULL, CONSTRAINT PK_TC_MAINTENANCES PRIMARY KEY (id))
2019-10-02 11:53:31  INFO: Table tc_maintenances created
2019-10-02 11:53:31  INFO: CREATE TABLE PUBLIC.tc_notifications (id INT AUTO_INCREMENT NOT NULL, type VARCHAR(128) NOT NULL, attributes VARCHAR(4000), always BOOLEAN DEFAULT FALSE NOT NULL, calendarid INT, notificators VARCHAR(128), CONSTRAINT PK_TC_NOTIFICATIONS PRIMARY KEY (id))
2019-10-02 11:53:31  INFO: Table tc_notifications created
2019-10-02 11:53:31  INFO: CREATE TABLE PUBLIC.tc_positions (id INT AUTO_INCREMENT NOT NULL, protocol VARCHAR(128), deviceid INT NOT NULL, servertime TIMESTAMP DEFAULT NOW() NOT NULL, devicetime TIMESTAMP NOT NULL, fixtime TIMESTAMP NOT NULL, valid BOOLEAN NOT NULL, latitude DOUBLE NOT NULL, longitude DOUBLE NOT NULL, altitude FLOAT NOT NULL, speed FLOAT NOT NULL, course FLOAT NOT NULL, address VARCHAR(512), attributes VARCHAR(4000), accuracy DOUBLE DEFAULT 0 NOT NULL, network VARCHAR(4000), CONSTRAINT PK_TC_POSITIONS PRIMARY KEY (id))
2019-10-02 11:53:31  INFO: Table tc_positions created
2019-10-02 11:53:31  INFO: CREATE TABLE PUBLIC.tc_servers (id INT AUTO_INCREMENT NOT NULL, registration BOOLEAN DEFAULT TRUE NOT NULL, latitude DOUBLE DEFAULT 0 NOT NULL, longitude DOUBLE DEFAULT 0 NOT NULL, zoom INT DEFAULT 0 NOT NULL, map VARCHAR(128), bingkey VARCHAR(128), mapurl VARCHAR(512), readonly BOOLEAN DEFAULT FALSE NOT NULL, twelvehourformat BOOLEAN DEFAULT FALSE NOT NULL, attributes VARCHAR(4000), forcesettings BOOLEAN DEFAULT FALSE NOT NULL, coordinateformat VARCHAR(128), devicereadonly BOOLEAN DEFAULT FALSE, limitcommands BOOLEAN DEFAULT FALSE, poilayer VARCHAR(512), CONSTRAINT PK_TC_SERVERS PRIMARY KEY (id))
2019-10-02 11:53:31  INFO: Table tc_servers created
2019-10-02 11:53:31  INFO: CREATE TABLE PUBLIC.tc_statistics (id INT AUTO_INCREMENT NOT NULL, capturetime TIMESTAMP NOT NULL, activeusers INT DEFAULT 0 NOT NULL, activedevices INT DEFAULT 0 NOT NULL, requests INT DEFAULT 0 NOT NULL, messagesreceived INT DEFAULT 0 NOT NULL, messagesstored INT DEFAULT 0 NOT NULL, attributes VARCHAR(4096) NOT NULL, mailsent INT DEFAULT 0 NOT NULL, smssent INT DEFAULT 0 NOT NULL, geocoderrequests INT DEFAULT 0 NOT NULL, geolocationrequests INT DEFAULT 0 NOT NULL, CONSTRAINT PK_TC_STATISTICS PRIMARY KEY (id))
2019-10-02 11:53:31  INFO: Table tc_statistics created
2019-10-02 11:53:31  INFO: CREATE TABLE PUBLIC.tc_user_attribute (userid INT NOT NULL, attributeid INT NOT NULL)
2019-10-02 11:53:31  INFO: Table tc_user_attribute created
2019-10-02 11:53:31  INFO: CREATE TABLE PUBLIC.tc_user_calendar (userid INT NOT NULL, calendarid INT NOT NULL)
2019-10-02 11:53:31  INFO: Table tc_user_calendar created
2019-10-02 11:53:31  INFO: CREATE TABLE PUBLIC.tc_user_command (userid INT NOT NULL, commandid INT NOT NULL)
2019-10-02 11:53:31  INFO: Table tc_user_command created
2019-10-02 11:53:31  INFO: CREATE TABLE PUBLIC.tc_user_device (userid INT NOT NULL, deviceid INT NOT NULL)
2019-10-02 11:53:31  INFO: Table tc_user_device created
2019-10-02 11:53:31  INFO: CREATE TABLE PUBLIC.tc_user_driver (userid INT NOT NULL, driverid INT NOT NULL)
2019-10-02 11:53:31  INFO: Table tc_user_driver created
2019-10-02 11:53:31  INFO: CREATE TABLE PUBLIC.tc_user_geofence (userid INT NOT NULL, geofenceid INT NOT NULL)
2019-10-02 11:53:31  INFO: Table tc_user_geofence created
2019-10-02 11:53:31  INFO: CREATE TABLE PUBLIC.tc_user_group (userid INT NOT NULL, groupid INT NOT NULL)
2019-10-02 11:53:31  INFO: Table tc_user_group created
2019-10-02 11:53:31  INFO: CREATE TABLE PUBLIC.tc_user_maintenance (userid INT NOT NULL, maintenanceid INT NOT NULL)
2019-10-02 11:53:31  INFO: Table tc_user_maintenance created
2019-10-02 11:53:31  INFO: CREATE TABLE PUBLIC.tc_user_notification (userid INT NOT NULL, notificationid INT NOT NULL)
2019-10-02 11:53:31  INFO: Table tc_user_notification created
2019-10-02 11:53:31  INFO: CREATE TABLE PUBLIC.tc_user_user (userid INT NOT NULL, manageduserid INT NOT NULL)
2019-10-02 11:53:31  INFO: Table tc_user_user created
2019-10-02 11:53:31  INFO: CREATE TABLE PUBLIC.tc_users (id INT AUTO_INCREMENT NOT NULL, name VARCHAR(128) NOT NULL, email VARCHAR(128) NOT NULL, hashedpassword VARCHAR(128), salt VARCHAR(128), readonly BOOLEAN DEFAULT FALSE NOT NULL, administrator BOOLEAN, map VARCHAR(128), latitude DOUBLE DEFAULT 0 NOT NULL, longitude DOUBLE DEFAULT 0 NOT NULL, zoom INT DEFAULT 0 NOT NULL, twelvehourformat BOOLEAN DEFAULT FALSE NOT NULL, attributes VARCHAR(4000), coordinateformat VARCHAR(128), disabled BOOLEAN DEFAULT FALSE, expirationtime TIMESTAMP, devicelimit INT DEFAULT -1, token VARCHAR(128), userlimit INT DEFAULT 0, devicereadonly BOOLEAN DEFAULT FALSE, phone VARCHAR(128), limitcommands BOOLEAN DEFAULT FALSE, login VARCHAR(128), poilayer VARCHAR(512), CONSTRAINT PK_TC_USERS PRIMARY KEY (id), UNIQUE (email))
2019-10-02 11:53:31  INFO: Table tc_users created
2019-10-02 11:53:31  INFO: ALTER TABLE PUBLIC.tc_device_command ADD CONSTRAINT fk_device_command_commandid FOREIGN KEY (commandid) REFERENCES PUBLIC.tc_commands (id) ON DELETE CASCADE
2019-10-02 11:53:31  INFO: Foreign key constraint added to tc_device_command (commandid)
2019-10-02 11:53:31  INFO: ALTER TABLE PUBLIC.tc_device_command ADD CONSTRAINT fk_device_command_deviceid FOREIGN KEY (deviceid) REFERENCES PUBLIC.tc_devices (id) ON DELETE CASCADE
2019-10-02 11:53:31  INFO: Foreign key constraint added to tc_device_command (deviceid)
2019-10-02 11:53:31  INFO: ALTER TABLE PUBLIC.tc_device_driver ADD CONSTRAINT fk_device_driver_deviceid FOREIGN KEY (deviceid) REFERENCES PUBLIC.tc_devices (id) ON DELETE CASCADE
2019-10-02 11:53:31  INFO: Foreign key constraint added to tc_device_driver (deviceid)
2019-10-02 11:53:31  INFO: ALTER TABLE PUBLIC.tc_device_driver ADD CONSTRAINT fk_device_driver_driverid FOREIGN KEY (driverid) REFERENCES PUBLIC.tc_drivers (id) ON DELETE CASCADE
2019-10-02 11:53:31  INFO: Foreign key constraint added to tc_device_driver (driverid)
2019-10-02 11:53:31  INFO: ALTER TABLE PUBLIC.tc_device_geofence ADD CONSTRAINT fk_device_geofence_deviceid FOREIGN KEY (deviceid) REFERENCES PUBLIC.tc_devices (id) ON DELETE CASCADE
2019-10-02 11:53:31  INFO: Foreign key constraint added to tc_device_geofence (deviceid)
2019-10-02 11:53:31  INFO: ALTER TABLE PUBLIC.tc_device_geofence ADD CONSTRAINT fk_device_geofence_geofenceid FOREIGN KEY (geofenceid) REFERENCES PUBLIC.tc_geofences (id) ON DELETE CASCADE
2019-10-02 11:53:31  INFO: Foreign key constraint added to tc_device_geofence (geofenceid)
2019-10-02 11:53:31  INFO: ALTER TABLE PUBLIC.tc_device_maintenance ADD CONSTRAINT fk_device_maintenance_deviceid FOREIGN KEY (deviceid) REFERENCES PUBLIC.tc_devices (id) ON DELETE CASCADE
2019-10-02 11:53:31  INFO: Foreign key constraint added to tc_device_maintenance (deviceid)
2019-10-02 11:53:31  INFO: ALTER TABLE PUBLIC.tc_device_maintenance ADD CONSTRAINT fk_device_maintenance_maintenanceid FOREIGN KEY (maintenanceid) REFERENCES PUBLIC.tc_maintenances (id) ON DELETE CASCADE
2019-10-02 11:53:31  INFO: Foreign key constraint added to tc_device_maintenance (maintenanceid)
2019-10-02 11:53:31  INFO: ALTER TABLE PUBLIC.tc_device_notification ADD CONSTRAINT fk_device_notification_deviceid FOREIGN KEY (deviceid) REFERENCES PUBLIC.tc_devices (id) ON DELETE CASCADE
2019-10-02 11:53:31  INFO: Foreign key constraint added to tc_device_notification (deviceid)
2019-10-02 11:53:31  INFO: ALTER TABLE PUBLIC.tc_device_notification ADD CONSTRAINT fk_device_notification_notificationid FOREIGN KEY (notificationid) REFERENCES PUBLIC.tc_notifications (id) ON DELETE CASCADE
2019-10-02 11:53:31  INFO: Foreign key constraint added to tc_device_notification (notificationid)
2019-10-02 11:53:31  INFO: ALTER TABLE PUBLIC.tc_devices ADD CONSTRAINT fk_devices_groupid FOREIGN KEY (groupid) REFERENCES PUBLIC.tc_groups (id) ON DELETE SET NULL
2019-10-02 11:53:31  INFO: Foreign key constraint added to tc_devices (groupid)
2019-10-02 11:53:31  INFO: ALTER TABLE PUBLIC.tc_events ADD CONSTRAINT fk_events_deviceid FOREIGN KEY (deviceid) REFERENCES PUBLIC.tc_devices (id) ON DELETE CASCADE
2019-10-02 11:53:31  INFO: Foreign key constraint added to tc_events (deviceid)
2019-10-02 11:53:31  INFO: ALTER TABLE PUBLIC.tc_geofences ADD CONSTRAINT fk_geofence_calendar_calendarid FOREIGN KEY (calendarid) REFERENCES PUBLIC.tc_calendars (id) ON DELETE SET NULL
2019-10-02 11:53:31  INFO: Foreign key constraint added to tc_geofences (calendarid)
2019-10-02 11:53:31  INFO: ALTER TABLE PUBLIC.tc_group_attribute ADD CONSTRAINT fk_group_attribute_attributeid FOREIGN KEY (attributeid) REFERENCES PUBLIC.tc_attributes (id) ON DELETE CASCADE
2019-10-02 11:53:31  INFO: Foreign key constraint added to tc_group_attribute (attributeid)
2019-10-02 11:53:31  INFO: ALTER TABLE PUBLIC.tc_group_attribute ADD CONSTRAINT fk_group_attribute_groupid FOREIGN KEY (groupid) REFERENCES PUBLIC.tc_groups (id) ON DELETE CASCADE
2019-10-02 11:53:31  INFO: Foreign key constraint added to tc_group_attribute (groupid)
2019-10-02 11:53:31  INFO: ALTER TABLE PUBLIC.tc_group_command ADD CONSTRAINT fk_group_command_commandid FOREIGN KEY (commandid) REFERENCES PUBLIC.tc_commands (id) ON DELETE CASCADE
2019-10-02 11:53:31  INFO: Foreign key constraint added to tc_group_command (commandid)
2019-10-02 11:53:31  INFO: ALTER TABLE PUBLIC.tc_group_command ADD CONSTRAINT fk_group_command_groupid FOREIGN KEY (groupid) REFERENCES PUBLIC.tc_groups (id) ON DELETE CASCADE
2019-10-02 11:53:31  INFO: Foreign key constraint added to tc_group_command (groupid)
2019-10-02 11:53:31  INFO: ALTER TABLE PUBLIC.tc_group_driver ADD CONSTRAINT fk_group_driver_driverid FOREIGN KEY (driverid) REFERENCES PUBLIC.tc_drivers (id) ON DELETE CASCADE
2019-10-02 11:53:31  INFO: Foreign key constraint added to tc_group_driver (driverid)
2019-10-02 11:53:31  INFO: ALTER TABLE PUBLIC.tc_group_driver ADD CONSTRAINT fk_group_driver_groupid FOREIGN KEY (groupid) REFERENCES PUBLIC.tc_groups (id) ON DELETE CASCADE
2019-10-02 11:53:31  INFO: Foreign key constraint added to tc_group_driver (groupid)
2019-10-02 11:53:31  INFO: ALTER TABLE PUBLIC.tc_group_geofence ADD CONSTRAINT fk_group_geofence_geofenceid FOREIGN KEY (geofenceid) REFERENCES PUBLIC.tc_geofences (id) ON DELETE CASCADE
2019-10-02 11:53:31  INFO: Foreign key constraint added to tc_group_geofence (geofenceid)
2019-10-02 11:53:31  INFO: ALTER TABLE PUBLIC.tc_group_geofence ADD CONSTRAINT fk_group_geofence_groupid FOREIGN KEY (groupid) REFERENCES PUBLIC.tc_groups (id) ON DELETE CASCADE
2019-10-02 11:53:31  INFO: Foreign key constraint added to tc_group_geofence (groupid)
2019-10-02 11:53:31  INFO: ALTER TABLE PUBLIC.tc_group_maintenance ADD CONSTRAINT fk_group_maintenance_groupid FOREIGN KEY (groupid) REFERENCES PUBLIC.tc_groups (id) ON DELETE CASCADE
2019-10-02 11:53:31  INFO: Foreign key constraint added to tc_group_maintenance (groupid)
2019-10-02 11:53:31  INFO: ALTER TABLE PUBLIC.tc_group_maintenance ADD CONSTRAINT fk_group_maintenance_maintenanceid FOREIGN KEY (maintenanceid) REFERENCES PUBLIC.tc_maintenances (id) ON DELETE CASCADE
2019-10-02 11:53:31  INFO: Foreign key constraint added to tc_group_maintenance (maintenanceid)
2019-10-02 11:53:31  INFO: ALTER TABLE PUBLIC.tc_group_notification ADD CONSTRAINT fk_group_notification_groupid FOREIGN KEY (groupid) REFERENCES PUBLIC.tc_groups (id) ON DELETE CASCADE
2019-10-02 11:53:31  INFO: Foreign key constraint added to tc_group_notification (groupid)
2019-10-02 11:53:31  INFO: ALTER TABLE PUBLIC.tc_group_notification ADD CONSTRAINT fk_group_notification_notificationid FOREIGN KEY (notificationid) REFERENCES PUBLIC.tc_notifications (id) ON DELETE CASCADE
2019-10-02 11:53:31  INFO: Foreign key constraint added to tc_group_notification (notificationid)
2019-10-02 11:53:31  INFO: ALTER TABLE PUBLIC.tc_notifications ADD CONSTRAINT fk_notification_calendar_calendarid FOREIGN KEY (calendarid) REFERENCES PUBLIC.tc_calendars (id) ON UPDATE RESTRICT ON DELETE SET NULL
2019-10-02 11:53:31  INFO: Foreign key constraint added to tc_notifications (calendarid)
2019-10-02 11:53:31  INFO: ALTER TABLE PUBLIC.tc_positions ADD CONSTRAINT fk_positions_deviceid FOREIGN KEY (deviceid) REFERENCES PUBLIC.tc_devices (id) ON DELETE CASCADE
2019-10-02 11:53:31  INFO: Foreign key constraint added to tc_positions (deviceid)
2019-10-02 11:53:31  INFO: ALTER TABLE PUBLIC.tc_user_attribute ADD CONSTRAINT fk_user_attribute_attributeid FOREIGN KEY (attributeid) REFERENCES PUBLIC.tc_attributes (id) ON DELETE CASCADE
2019-10-02 11:53:31  INFO: Foreign key constraint added to tc_user_attribute (attributeid)
2019-10-02 11:53:31  INFO: ALTER TABLE PUBLIC.tc_user_attribute ADD CONSTRAINT fk_user_attribute_userid FOREIGN KEY (userid) REFERENCES PUBLIC.tc_users (id) ON DELETE CASCADE
2019-10-02 11:53:31  INFO: Foreign key constraint added to tc_user_attribute (userid)
2019-10-02 11:53:31  INFO: ALTER TABLE PUBLIC.tc_user_calendar ADD CONSTRAINT fk_user_calendar_calendarid FOREIGN KEY (calendarid) REFERENCES PUBLIC.tc_calendars (id) ON DELETE CASCADE
2019-10-02 11:53:31  INFO: Foreign key constraint added to tc_user_calendar (calendarid)
2019-10-02 11:53:31  INFO: ALTER TABLE PUBLIC.tc_user_calendar ADD CONSTRAINT fk_user_calendar_userid FOREIGN KEY (userid) REFERENCES PUBLIC.tc_users (id) ON DELETE CASCADE
2019-10-02 11:53:31  INFO: Foreign key constraint added to tc_user_calendar (userid)
2019-10-02 11:53:31  INFO: ALTER TABLE PUBLIC.tc_user_command ADD CONSTRAINT fk_user_command_commandid FOREIGN KEY (commandid) REFERENCES PUBLIC.tc_commands (id) ON DELETE CASCADE
2019-10-02 11:53:31  INFO: Foreign key constraint added to tc_user_command (commandid)
2019-10-02 11:53:31  INFO: ALTER TABLE PUBLIC.tc_user_command ADD CONSTRAINT fk_user_command_userid FOREIGN KEY (userid) REFERENCES PUBLIC.tc_users (id) ON DELETE CASCADE
2019-10-02 11:53:31  INFO: Foreign key constraint added to tc_user_command (userid)
2019-10-02 11:53:31  INFO: ALTER TABLE PUBLIC.tc_device_attribute ADD CONSTRAINT fk_user_device_attribute_attributeid FOREIGN KEY (attributeid) REFERENCES PUBLIC.tc_attributes (id) ON DELETE CASCADE
2019-10-02 11:53:31  INFO: Foreign key constraint added to tc_device_attribute (attributeid)
2019-10-02 11:53:31  INFO: ALTER TABLE PUBLIC.tc_device_attribute ADD CONSTRAINT fk_user_device_attribute_deviceid FOREIGN KEY (deviceid) REFERENCES PUBLIC.tc_devices (id) ON DELETE CASCADE
2019-10-02 11:53:31  INFO: Foreign key constraint added to tc_device_attribute (deviceid)
2019-10-02 11:53:31  INFO: ALTER TABLE PUBLIC.tc_user_device ADD CONSTRAINT fk_user_device_deviceid FOREIGN KEY (deviceid) REFERENCES PUBLIC.tc_devices (id) ON DELETE CASCADE
2019-10-02 11:53:31  INFO: Foreign key constraint added to tc_user_device (deviceid)
2019-10-02 11:53:31  INFO: ALTER TABLE PUBLIC.tc_user_device ADD CONSTRAINT fk_user_device_userid FOREIGN KEY (userid) REFERENCES PUBLIC.tc_users (id) ON DELETE CASCADE
2019-10-02 11:53:31  INFO: Foreign key constraint added to tc_user_device (userid)
2019-10-02 11:53:31  INFO: ALTER TABLE PUBLIC.tc_user_driver ADD CONSTRAINT fk_user_driver_driverid FOREIGN KEY (driverid) REFERENCES PUBLIC.tc_drivers (id) ON DELETE CASCADE
2019-10-02 11:53:31  INFO: Foreign key constraint added to tc_user_driver (driverid)
2019-10-02 11:53:31  INFO: ALTER TABLE PUBLIC.tc_user_driver ADD CONSTRAINT fk_user_driver_userid FOREIGN KEY (userid) REFERENCES PUBLIC.tc_users (id) ON DELETE CASCADE
2019-10-02 11:53:31  INFO: Foreign key constraint added to tc_user_driver (userid)
2019-10-02 11:53:31  INFO: ALTER TABLE PUBLIC.tc_user_geofence ADD CONSTRAINT fk_user_geofence_geofenceid FOREIGN KEY (geofenceid) REFERENCES PUBLIC.tc_geofences (id) ON DELETE CASCADE
2019-10-02 11:53:31  INFO: Foreign key constraint added to tc_user_geofence (geofenceid)
2019-10-02 11:53:31  INFO: ALTER TABLE PUBLIC.tc_user_geofence ADD CONSTRAINT fk_user_geofence_userid FOREIGN KEY (userid) REFERENCES PUBLIC.tc_users (id) ON DELETE CASCADE
2019-10-02 11:53:31  INFO: Foreign key constraint added to tc_user_geofence (userid)
2019-10-02 11:53:31  INFO: ALTER TABLE PUBLIC.tc_user_group ADD CONSTRAINT fk_user_group_groupid FOREIGN KEY (groupid) REFERENCES PUBLIC.tc_groups (id) ON DELETE CASCADE
2019-10-02 11:53:31  INFO: Foreign key constraint added to tc_user_group (groupid)
2019-10-02 11:53:31  INFO: ALTER TABLE PUBLIC.tc_user_group ADD CONSTRAINT fk_user_group_userid FOREIGN KEY (userid) REFERENCES PUBLIC.tc_users (id) ON DELETE CASCADE
2019-10-02 11:53:31  INFO: Foreign key constraint added to tc_user_group (userid)
2019-10-02 11:53:31  INFO: ALTER TABLE PUBLIC.tc_user_maintenance ADD CONSTRAINT fk_user_maintenance_maintenanceid FOREIGN KEY (maintenanceid) REFERENCES PUBLIC.tc_maintenances (id) ON DELETE CASCADE
2019-10-02 11:53:31  INFO: Foreign key constraint added to tc_user_maintenance (maintenanceid)
2019-10-02 11:53:31  INFO: ALTER TABLE PUBLIC.tc_user_maintenance ADD CONSTRAINT fk_user_maintenance_userid FOREIGN KEY (userid) REFERENCES PUBLIC.tc_users (id) ON DELETE CASCADE
2019-10-02 11:53:31  INFO: Foreign key constraint added to tc_user_maintenance (userid)
2019-10-02 11:53:31  INFO: ALTER TABLE PUBLIC.tc_user_notification ADD CONSTRAINT fk_user_notification_notificationid FOREIGN KEY (notificationid) REFERENCES PUBLIC.tc_notifications (id) ON DELETE CASCADE
2019-10-02 11:53:31  INFO: Foreign key constraint added to tc_user_notification (notificationid)
2019-10-02 11:53:31  INFO: ALTER TABLE PUBLIC.tc_user_notification ADD CONSTRAINT fk_user_notification_userid FOREIGN KEY (userid) REFERENCES PUBLIC.tc_users (id) ON DELETE CASCADE
2019-10-02 11:53:31  INFO: Foreign key constraint added to tc_user_notification (userid)
2019-10-02 11:53:31  INFO: ALTER TABLE PUBLIC.tc_user_user ADD CONSTRAINT fk_user_user_userid FOREIGN KEY (userid) REFERENCES PUBLIC.tc_users (id) ON DELETE CASCADE
2019-10-02 11:53:31  INFO: Foreign key constraint added to tc_user_user (userid)
2019-10-02 11:53:31  INFO: INSERT INTO PUBLIC.tc_servers (registration, latitude, longitude, zoom) VALUES (TRUE, 0, 0, 0)
2019-10-02 11:53:31  INFO: New row inserted into tc_servers
2019-10-02 11:53:31  INFO: INSERT INTO PUBLIC.tc_users (name, email, hashedpassword, salt, administrator) VALUES ('admin', 'admin', 'D33DCA55ABD4CC5BC76F2BC0B4E603FE2C6F61F4C1EF2D47', '000000000000000000000000000000000000000000000000', TRUE)
2019-10-02 11:53:31  INFO: New row inserted into tc_users
2019-10-02 11:53:31  INFO: ChangeSet changelog-4.0-clean::changelog-4.0-clean::author ran successfully in 264ms
2019-10-02 11:53:31  INFO: SELECT MAX(ORDEREXECUTED) FROM PUBLIC.DATABASECHANGELOG
2019-10-02 11:53:31  INFO: INSERT INTO PUBLIC.DATABASECHANGELOG (ID, AUTHOR, FILENAME, DATEEXECUTED, ORDEREXECUTED, MD5SUM, DESCRIPTION, COMMENTS, EXECTYPE, CONTEXTS, LABELS, LIQUIBASE, DEPLOYMENT_ID) VALUES ('changelog-4.0-clean', 'author', 'changelog-4.0-clean', NOW(), 1, '8:d59fa93049c031a8bcfbc02958c1942c', 'createTable tableName=tc_attributes; createTable tableName=tc_calendars; createTable tableName=tc_commands; createTable tableName=tc_device_attribute; createTable tableName=tc_device_command; createTable tableName=tc_device_driver; createTable tab...', '', 'EXECUTED', NULL, NULL, '3.8.0', '9997410883')
2019-10-02 11:53:31  INFO: ALTER TABLE PUBLIC.tc_groups ADD CONSTRAINT fk_groups_groupid FOREIGN KEY (groupid) REFERENCES PUBLIC.tc_groups (id) ON UPDATE RESTRICT ON DELETE SET NULL
2019-10-02 11:53:31  INFO: Foreign key constraint added to tc_groups (groupid)
2019-10-02 11:53:31  INFO: ALTER TABLE PUBLIC.tc_user_user ADD CONSTRAINT fk_user_user_manageduserid FOREIGN KEY (manageduserid) REFERENCES PUBLIC.tc_users (id) ON DELETE CASCADE
2019-10-02 11:53:31  INFO: Foreign key constraint added to tc_user_user (manageduserid)
2019-10-02 11:53:31  INFO: ChangeSet changelog-4.0-clean::changelog-4.0-clean-common::author ran successfully in 4ms
2019-10-02 11:53:31  INFO: INSERT INTO PUBLIC.DATABASECHANGELOG (ID, AUTHOR, FILENAME, DATEEXECUTED, ORDEREXECUTED, MD5SUM, DESCRIPTION, COMMENTS, EXECTYPE, CONTEXTS, LABELS, LIQUIBASE, DEPLOYMENT_ID) VALUES ('changelog-4.0-clean-common', 'author', 'changelog-4.0-clean', NOW(), 2, '8:1adabae3238e02ccc97cc422359a58a0', 'addForeignKeyConstraint baseTableName=tc_groups, constraintName=fk_groups_groupid, referencedTableName=tc_groups; addForeignKeyConstraint baseTableName=tc_user_user, constraintName=fk_user_user_manageduserid, referencedTableName=tc_users', '', 'EXECUTED', NULL, NULL, '3.8.0', '9997410883')
2019-10-02 11:53:31  INFO: Marking ChangeSet: changelog-3.3::changelog-3.3::author ran despite precondition failure due to onFail='MARK_RAN': 
          ./schema/changelog-master.xml : Not precondition failed

2019-10-02 11:53:31  INFO: INSERT INTO PUBLIC.DATABASECHANGELOG (ID, AUTHOR, FILENAME, DATEEXECUTED, ORDEREXECUTED, MD5SUM, DESCRIPTION, COMMENTS, EXECTYPE, CONTEXTS, LABELS, LIQUIBASE, DEPLOYMENT_ID) VALUES ('changelog-3.3', 'author', 'changelog-3.3', NOW(), 3, '8:ea6f202534dc7845fd1a49e1d8384d9c', 'createTable tableName=users; addUniqueConstraint constraintName=uk_user_email, tableName=users; createTable tableName=devices; addUniqueConstraint constraintName=uk_device_uniqueid, tableName=devices; createTable tableName=user_device; addForeignK...', '', 'MARK_RAN', NULL, NULL, '3.8.0', '9997410883')
2019-10-02 11:53:31  INFO: Marking ChangeSet: changelog-3.5::changelog-3.5::author ran despite precondition failure due to onFail='MARK_RAN': 
          ./schema/changelog-master.xml : Not precondition failed

2019-10-02 11:53:31  INFO: INSERT INTO PUBLIC.DATABASECHANGELOG (ID, AUTHOR, FILENAME, DATEEXECUTED, ORDEREXECUTED, MD5SUM, DESCRIPTION, COMMENTS, EXECTYPE, CONTEXTS, LABELS, LIQUIBASE, DEPLOYMENT_ID) VALUES ('changelog-3.5', 'author', 'changelog-3.5', NOW(), 4, '8:194e3ae7ec6d201917136e04a26e237b', 'createTable tableName=groups; createTable tableName=user_group; addForeignKeyConstraint baseTableName=user_group, constraintName=fk_user_group_userid, referencedTableName=users; addForeignKeyConstraint baseTableName=user_group, constraintName=fk_u...', '', 'MARK_RAN', NULL, NULL, '3.8.0', '9997410883')
2019-10-02 11:53:31  INFO: Marking ChangeSet: changelog-3.6::changelog-3.6::author ran despite precondition failure due to onFail='MARK_RAN': 
          ./schema/changelog-master.xml : Not precondition failed

2019-10-02 11:53:31  INFO: INSERT INTO PUBLIC.DATABASECHANGELOG (ID, AUTHOR, FILENAME, DATEEXECUTED, ORDEREXECUTED, MD5SUM, DESCRIPTION, COMMENTS, EXECTYPE, CONTEXTS, LABELS, LIQUIBASE, DEPLOYMENT_ID) VALUES ('changelog-3.6', 'author', 'changelog-3.6', NOW(), 5, '8:1ec7941b03749f24e365bc6126b07e1a', 'createTable tableName=events; addForeignKeyConstraint baseTableName=events, constraintName=fk_event_deviceid, referencedTableName=devices; addColumn tableName=devices; createTable tableName=geofences; createTable tableName=user_geofence; addForeig...', '', 'MARK_RAN', NULL, NULL, '3.8.0', '9997410883')
2019-10-02 11:53:31  INFO: Marking ChangeSet: changelog-3.7::changelog-3.7::author ran despite precondition failure due to onFail='MARK_RAN': 
          ./schema/changelog-master.xml : Not precondition failed

2019-10-02 11:53:31  INFO: INSERT INTO PUBLIC.DATABASECHANGELOG (ID, AUTHOR, FILENAME, DATEEXECUTED, ORDEREXECUTED, MD5SUM, DESCRIPTION, COMMENTS, EXECTYPE, CONTEXTS, LABELS, LIQUIBASE, DEPLOYMENT_ID) VALUES ('changelog-3.7', 'author', 'changelog-3.7', NOW(), 6, '8:2e444e379f31d0b8e09273ec7ffe87a0', 'update tableName=devices; addForeignKeyConstraint baseTableName=devices, constraintName=fk_device_group_groupid, referencedTableName=groups; update tableName=groups; addColumn tableName=devices; dropColumn columnName=motion, tableName=devices; dro...', '', 'MARK_RAN', NULL, NULL, '3.8.0', '9997410883')
2019-10-02 11:53:31  INFO: Marking ChangeSet: changelog-3.7::changelog-3.7-notmssql::author ran despite precondition failure due to onFail='MARK_RAN': 
          ./schema/changelog-master.xml : Not precondition failed

2019-10-02 11:53:31  INFO: INSERT INTO PUBLIC.DATABASECHANGELOG (ID, AUTHOR, FILENAME, DATEEXECUTED, ORDEREXECUTED, MD5SUM, DESCRIPTION, COMMENTS, EXECTYPE, CONTEXTS, LABELS, LIQUIBASE, DEPLOYMENT_ID) VALUES ('changelog-3.7-notmssql', 'author', 'changelog-3.7', NOW(), 7, '8:974c33d2fb399ef6477c3897450fb078', 'addForeignKeyConstraint baseTableName=groups, constraintName=fk_group_group_groupid, referencedTableName=groups', '', 'MARK_RAN', NULL, NULL, '3.8.0', '9997410883')
2019-10-02 11:53:31  INFO: Marking ChangeSet: changelog-3.8::changelog-3.8::author ran despite precondition failure due to onFail='MARK_RAN': 
          ./schema/changelog-master.xml : Not precondition failed

2019-10-02 11:53:31  INFO: INSERT INTO PUBLIC.DATABASECHANGELOG (ID, AUTHOR, FILENAME, DATEEXECUTED, ORDEREXECUTED, MD5SUM, DESCRIPTION, COMMENTS, EXECTYPE, CONTEXTS, LABELS, LIQUIBASE, DEPLOYMENT_ID) VALUES ('changelog-3.8', 'author', 'changelog-3.8', NOW(), 8, '8:74d68027951f8d2ae6bb2e24df8365bc', 'createTable tableName=attribute_aliases; addForeignKeyConstraint baseTableName=attribute_aliases, constraintName=fk_attribute_aliases_deviceid, referencedTableName=devices; addUniqueConstraint constraintName=uk_deviceid_attribute, tableName=attrib...', '', 'MARK_RAN', NULL, NULL, '3.8.0', '9997410883')
2019-10-02 11:53:31  INFO: Marking ChangeSet: changelog-3.9::changelog-3.9::author ran despite precondition failure due to onFail='MARK_RAN': 
          ./schema/changelog-master.xml : Not precondition failed

2019-10-02 11:53:31  INFO: INSERT INTO PUBLIC.DATABASECHANGELOG (ID, AUTHOR, FILENAME, DATEEXECUTED, ORDEREXECUTED, MD5SUM, DESCRIPTION, COMMENTS, EXECTYPE, CONTEXTS, LABELS, LIQUIBASE, DEPLOYMENT_ID) VALUES ('changelog-3.9', 'author', 'changelog-3.9', NOW(), 9, '8:34822842d65deb843a7d16f857d52ecc', 'addColumn tableName=notifications; update tableName=notifications; update tableName=notifications; update tableName=notifications; update tableName=notifications', '', 'MARK_RAN', NULL, NULL, '3.8.0', '9997410883')
2019-10-02 11:53:31  INFO: Marking ChangeSet: changelog-3.10::changelog-3.10::author ran despite precondition failure due to onFail='MARK_RAN': 
          ./schema/changelog-master.xml : Not precondition failed

2019-10-02 11:53:31  INFO: INSERT INTO PUBLIC.DATABASECHANGELOG (ID, AUTHOR, FILENAME, DATEEXECUTED, ORDEREXECUTED, MD5SUM, DESCRIPTION, COMMENTS, EXECTYPE, CONTEXTS, LABELS, LIQUIBASE, DEPLOYMENT_ID) VALUES ('changelog-3.10', 'author', 'changelog-3.10', NOW(), 10, '8:e1ddbe83e1ecf856a912755fc118f82e', 'createTable tableName=calendars; createTable tableName=user_calendar; addForeignKeyConstraint baseTableName=user_calendar, constraintName=fk_user_calendar_userid, referencedTableName=users; addForeignKeyConstraint baseTableName=user_calendar, cons...', '', 'MARK_RAN', NULL, NULL, '3.8.0', '9997410883')
2019-10-02 11:53:31  INFO: Marking ChangeSet: changelog-3.10::changelog-3.10-notmssql::author ran despite precondition failure due to onFail='MARK_RAN': 
          ./schema/changelog-master.xml : Not precondition failed

2019-10-02 11:53:31  INFO: INSERT INTO PUBLIC.DATABASECHANGELOG (ID, AUTHOR, FILENAME, DATEEXECUTED, ORDEREXECUTED, MD5SUM, DESCRIPTION, COMMENTS, EXECTYPE, CONTEXTS, LABELS, LIQUIBASE, DEPLOYMENT_ID) VALUES ('changelog-3.10-notmssql', 'author', 'changelog-3.10', NOW(), 11, '8:191c21d8f0f921845cf93bbc9d0639b9', 'addForeignKeyConstraint baseTableName=user_user, constraintName=fk_user_user_manageduserid, referencedTableName=users', '', 'MARK_RAN', NULL, NULL, '3.8.0', '9997410883')
2019-10-02 11:53:31  INFO: Marking ChangeSet: changelog-3.10::changelog-3.10-mssql::author ran despite precondition failure due to onFail='MARK_RAN': 
          ./schema/changelog-master.xml : Not precondition failed

2019-10-02 11:53:31  INFO: INSERT INTO PUBLIC.DATABASECHANGELOG (ID, AUTHOR, FILENAME, DATEEXECUTED, ORDEREXECUTED, MD5SUM, DESCRIPTION, COMMENTS, EXECTYPE, CONTEXTS, LABELS, LIQUIBASE, DEPLOYMENT_ID) VALUES ('changelog-3.10-mssql', 'author', 'changelog-3.10', NOW(), 12, '8:ad1f63566e8d08812fbf0b93a118ef6e', 'sql', '', 'MARK_RAN', NULL, NULL, '3.8.0', '9997410883')
2019-10-02 11:53:31  INFO: Marking ChangeSet: changelog-3.10::changelog-3.7-mssql::author ran despite precondition failure due to onFail='MARK_RAN': 
          ./schema/changelog-master.xml : Not precondition failed

2019-10-02 11:53:31  INFO: INSERT INTO PUBLIC.DATABASECHANGELOG (ID, AUTHOR, FILENAME, DATEEXECUTED, ORDEREXECUTED, MD5SUM, DESCRIPTION, COMMENTS, EXECTYPE, CONTEXTS, LABELS, LIQUIBASE, DEPLOYMENT_ID) VALUES ('changelog-3.7-mssql', 'author', 'changelog-3.10', NOW(), 13, '8:127b36b9d32a9d236df51d19b18c3766', 'sql', '', 'MARK_RAN', NULL, NULL, '3.8.0', '9997410883')
2019-10-02 11:53:31  INFO: Marking ChangeSet: changelog-3.11::changelog-3.11::author ran despite precondition failure due to onFail='MARK_RAN': 
          ./schema/changelog-master.xml : Not precondition failed

2019-10-02 11:53:31  INFO: INSERT INTO PUBLIC.DATABASECHANGELOG (ID, AUTHOR, FILENAME, DATEEXECUTED, ORDEREXECUTED, MD5SUM, DESCRIPTION, COMMENTS, EXECTYPE, CONTEXTS, LABELS, LIQUIBASE, DEPLOYMENT_ID) VALUES ('changelog-3.11', 'author', 'changelog-3.11', NOW(), 14, '8:7800f890b9706a480bd5a79b591b6ca7', 'addColumn tableName=users; addColumn tableName=notifications; addColumn tableName=server; addColumn tableName=server; addColumn tableName=users', '', 'MARK_RAN', NULL, NULL, '3.8.0', '9997410883')
2019-10-02 11:53:31  INFO: Marking ChangeSet: changelog-3.12::changelog-3.12::author ran despite precondition failure due to onFail='MARK_RAN': 
          ./schema/changelog-master.xml : Not precondition failed

2019-10-02 11:53:31  INFO: INSERT INTO PUBLIC.DATABASECHANGELOG (ID, AUTHOR, FILENAME, DATEEXECUTED, ORDEREXECUTED, MD5SUM, DESCRIPTION, COMMENTS, EXECTYPE, CONTEXTS, LABELS, LIQUIBASE, DEPLOYMENT_ID) VALUES ('changelog-3.12', 'author', 'changelog-3.12', NOW(), 15, '8:5ce520811d626ad325a014b9fcbb1a13', 'addColumn tableName=statistics; createTable tableName=attributes; createTable tableName=user_attribute; addForeignKeyConstraint baseTableName=user_attribute, constraintName=fk_user_attribute_userid, referencedTableName=users; addForeignKeyConstrai...', '', 'MARK_RAN', NULL, NULL, '3.8.0', '9997410883')
2019-10-02 11:53:31  INFO: Marking ChangeSet: changelog-3.12::changelog-3.12-notmssql::author ran despite precondition failure due to onFail='MARK_RAN': 
          ./schema/changelog-master.xml : Not precondition failed

2019-10-02 11:53:31  INFO: INSERT INTO PUBLIC.DATABASECHANGELOG (ID, AUTHOR, FILENAME, DATEEXECUTED, ORDEREXECUTED, MD5SUM, DESCRIPTION, COMMENTS, EXECTYPE, CONTEXTS, LABELS, LIQUIBASE, DEPLOYMENT_ID) VALUES ('changelog-3.12-notmssql', 'author', 'changelog-3.12', NOW(), 16, '8:a3bf7fabcde29e106fe2f89829a76a84', 'dropForeignKeyConstraint baseTableName=groups, constraintName=fk_group_group_groupid; addForeignKeyConstraint baseTableName=groups, constraintName=fk_groups_groupid, referencedTableName=groups', '', 'MARK_RAN', NULL, NULL, '3.8.0', '9997410883')
2019-10-02 11:53:31  INFO: Marking ChangeSet: changelog-3.12::changelog-3.12-pgsql::author ran despite precondition failure due to onFail='MARK_RAN': 
          ./schema/changelog-master.xml : Not precondition failed

2019-10-02 11:53:31  INFO: INSERT INTO PUBLIC.DATABASECHANGELOG (ID, AUTHOR, FILENAME, DATEEXECUTED, ORDEREXECUTED, MD5SUM, DESCRIPTION, COMMENTS, EXECTYPE, CONTEXTS, LABELS, LIQUIBASE, DEPLOYMENT_ID) VALUES ('changelog-3.12-pgsql', 'author', 'changelog-3.12', NOW(), 17, '8:cfc881bd2dadb561aa9c1a467bc8cc1c', 'dropColumn columnName=data, tableName=calendars; addColumn tableName=calendars', '', 'MARK_RAN', NULL, NULL, '3.8.0', '9997410883')
2019-10-02 11:53:31  INFO: Marking ChangeSet: changelog-3.14::changelog-3.14::author ran despite precondition failure due to onFail='MARK_RAN': 
          ./schema/changelog-master.xml : Not precondition failed

2019-10-02 11:53:31  INFO: INSERT INTO PUBLIC.DATABASECHANGELOG (ID, AUTHOR, FILENAME, DATEEXECUTED, ORDEREXECUTED, MD5SUM, DESCRIPTION, COMMENTS, EXECTYPE, CONTEXTS, LABELS, LIQUIBASE, DEPLOYMENT_ID) VALUES ('changelog-3.14', 'author', 'changelog-3.14', NOW(), 18, '8:1be7e6c0520f8be53ef1b099d96afba5', 'createTable tableName=drivers; addUniqueConstraint constraintName=uk_driver_uniqueid, tableName=drivers; createTable tableName=user_driver; addForeignKeyConstraint baseTableName=user_driver, constraintName=fk_user_driver_userid, referencedTableNam...', '', 'MARK_RAN', NULL, NULL, '3.8.0', '9997410883')
2019-10-02 11:53:31  INFO: Marking ChangeSet: changelog-3.15::changelog-3.15::author ran despite precondition failure due to onFail='MARK_RAN': 
          ./schema/changelog-master.xml : Not precondition failed

2019-10-02 11:53:31  INFO: INSERT INTO PUBLIC.DATABASECHANGELOG (ID, AUTHOR, FILENAME, DATEEXECUTED, ORDEREXECUTED, MD5SUM, DESCRIPTION, COMMENTS, EXECTYPE, CONTEXTS, LABELS, LIQUIBASE, DEPLOYMENT_ID) VALUES ('changelog-3.15', 'author', 'changelog-3.15', NOW(), 19, '8:ac8ccec176027e98bbf45dc6c15d9b05', 'dropForeignKeyConstraint baseTableName=attribute_aliases, constraintName=fk_attribute_aliases_deviceid; dropUniqueConstraint constraintName=uk_deviceid_attribute, tableName=attribute_aliases; dropTable tableName=attribute_aliases; dropColumn colum...', '', 'MARK_RAN', NULL, NULL, '3.8.0', '9997410883')
2019-10-02 11:53:31  INFO: Marking ChangeSet: changelog-3.16::changelog-3.16::author ran despite precondition failure due to onFail='MARK_RAN': 
          ./schema/changelog-master.xml : Not precondition failed

2019-10-02 11:53:31  INFO: INSERT INTO PUBLIC.DATABASECHANGELOG (ID, AUTHOR, FILENAME, DATEEXECUTED, ORDEREXECUTED, MD5SUM, DESCRIPTION, COMMENTS, EXECTYPE, CONTEXTS, LABELS, LIQUIBASE, DEPLOYMENT_ID) VALUES ('changelog-3.16', 'author', 'changelog-3.16', NOW(), 20, '8:b59407d70bfe9bf57bc9968adfbbdf1c', 'addColumn tableName=devices; addColumn tableName=users; addColumn tableName=servers; addColumn tableName=notifications; addForeignKeyConstraint baseTableName=notifications, constraintName=fk_notification_calendar_calendarid, referencedTableName=ca...', '', 'MARK_RAN', NULL, NULL, '3.8.0', '9997410883')
2019-10-02 11:53:31  INFO: Marking ChangeSet: changelog-3.17::changelog-3.3-admin::author ran despite precondition failure due to onFail='MARK_RAN': 
          ./schema/changelog-master.xml : Not precondition failed

2019-10-02 11:53:31  INFO: INSERT INTO PUBLIC.DATABASECHANGELOG (ID, AUTHOR, FILENAME, DATEEXECUTED, ORDEREXECUTED, MD5SUM, DESCRIPTION, COMMENTS, EXECTYPE, CONTEXTS, LABELS, LIQUIBASE, DEPLOYMENT_ID) VALUES ('changelog-3.3-admin', 'author', 'changelog-3.17', NOW(), 21, '8:3f14c3b08068eb7628d0d3e2941eb2d3', 'renameColumn newColumnName=administrator, oldColumnName=admin, tableName=users', '', 'MARK_RAN', NULL, NULL, '3.8.0', '9997410883')
2019-10-02 11:53:31  INFO: Marking ChangeSet: changelog-3.17::changelog-3.17::author ran despite precondition failure due to onFail='MARK_RAN': 
          ./schema/changelog-master.xml : Not precondition failed

2019-10-02 11:53:31  INFO: INSERT INTO PUBLIC.DATABASECHANGELOG (ID, AUTHOR, FILENAME, DATEEXECUTED, ORDEREXECUTED, MD5SUM, DESCRIPTION, COMMENTS, EXECTYPE, CONTEXTS, LABELS, LIQUIBASE, DEPLOYMENT_ID) VALUES ('changelog-3.17', 'author', 'changelog-3.17', NOW(), 22, '8:8aa3e56afe6ba86cd004fa801507bc28', 'addColumn tableName=events; createTable tableName=maintenances; createTable tableName=user_maintenance; addForeignKeyConstraint baseTableName=user_maintenance, constraintName=fk_user_maintenance_userid, referencedTableName=users; addForeignKeyCons...', '', 'MARK_RAN', NULL, NULL, '3.8.0', '9997410883')
2019-10-02 11:53:31  INFO: Marking ChangeSet: changelog-4.0::changelog-4.0-pre::author ran despite precondition failure due to onFail='MARK_RAN': 
          ./schema/changelog-master.xml : Not precondition failed

2019-10-02 11:53:31  INFO: INSERT INTO PUBLIC.DATABASECHANGELOG (ID, AUTHOR, FILENAME, DATEEXECUTED, ORDEREXECUTED, MD5SUM, DESCRIPTION, COMMENTS, EXECTYPE, CONTEXTS, LABELS, LIQUIBASE, DEPLOYMENT_ID) VALUES ('changelog-4.0-pre', 'author', 'changelog-4.0', NOW(), 23, '8:3974bfe5a2e962c0cd663433c832c16a', 'addColumn tableName=notifications', '', 'MARK_RAN', NULL, NULL, '3.8.0', '9997410883')
2019-10-02 11:53:31  INFO: Marking ChangeSet: changelog-4.0::changelog-4.0-common::author ran despite precondition failure due to onFail='MARK_RAN': 
          ./schema/changelog-master.xml : Not precondition failed

2019-10-02 11:53:31  INFO: INSERT INTO PUBLIC.DATABASECHANGELOG (ID, AUTHOR, FILENAME, DATEEXECUTED, ORDEREXECUTED, MD5SUM, DESCRIPTION, COMMENTS, EXECTYPE, CONTEXTS, LABELS, LIQUIBASE, DEPLOYMENT_ID) VALUES ('changelog-4.0-common', 'author', 'changelog-4.0', NOW(), 24, '8:65fb49c5be37693183708351c507dd50', 'update tableName=notifications; update tableName=notifications; update tableName=notifications; update tableName=notifications; update tableName=notifications; update tableName=notifications; update tableName=notifications', '', 'MARK_RAN', NULL, NULL, '3.8.0', '9997410883')
2019-10-02 11:53:31  INFO: Marking ChangeSet: changelog-4.0::changelog-4.0-pg::author ran despite precondition failure due to onFail='MARK_RAN': 
          ./schema/changelog-master.xml : Not precondition failed

2019-10-02 11:53:31  INFO: INSERT INTO PUBLIC.DATABASECHANGELOG (ID, AUTHOR, FILENAME, DATEEXECUTED, ORDEREXECUTED, MD5SUM, DESCRIPTION, COMMENTS, EXECTYPE, CONTEXTS, LABELS, LIQUIBASE, DEPLOYMENT_ID) VALUES ('changelog-4.0-pg', 'author', 'changelog-4.0', NOW(), 25, '8:9831511507d8ae1d6759c8ccf506a27a', 'update tableName=notifications; update tableName=notifications; update tableName=notifications; update tableName=notifications; update tableName=notifications; update tableName=notifications; update tableName=notifications', '', 'MARK_RAN', NULL, NULL, '3.8.0', '9997410883')
2019-10-02 11:53:31  INFO: Marking ChangeSet: changelog-4.0::changelog-4.0::author ran despite precondition failure due to onFail='MARK_RAN': 
          ./schema/changelog-master.xml : Not precondition failed

2019-10-02 11:53:31  INFO: INSERT INTO PUBLIC.DATABASECHANGELOG (ID, AUTHOR, FILENAME, DATEEXECUTED, ORDEREXECUTED, MD5SUM, DESCRIPTION, COMMENTS, EXECTYPE, CONTEXTS, LABELS, LIQUIBASE, DEPLOYMENT_ID) VALUES ('changelog-4.0', 'author', 'changelog-4.0', NOW(), 26, '8:ac63c4153f5b2ee5c7a07056da269571', 'dropDefaultValue columnName=web, tableName=notifications; dropColumn columnName=web, tableName=notifications; dropDefaultValue columnName=mail, tableName=notifications; dropColumn columnName=mail, tableName=notifications; dropDefaultValue columnNa...', '', 'MARK_RAN', NULL, NULL, '3.8.0', '9997410883')
2019-10-02 11:53:31  INFO: Marking ChangeSet: changelog-4.0::changelog-4.0-renaming::author ran despite precondition failure due to onFail='MARK_RAN': 
          ./schema/changelog-master.xml : Not precondition failed

2019-10-02 11:53:31  INFO: INSERT INTO PUBLIC.DATABASECHANGELOG (ID, AUTHOR, FILENAME, DATEEXECUTED, ORDEREXECUTED, MD5SUM, DESCRIPTION, COMMENTS, EXECTYPE, CONTEXTS, LABELS, LIQUIBASE, DEPLOYMENT_ID) VALUES ('changelog-4.0-renaming', 'author', 'changelog-4.0', NOW(), 27, '8:90aedfa378aa717f8d8ae541f97b87b2', 'renameTable newTableName=tc_attributes, oldTableName=attributes; renameTable newTableName=tc_calendars, oldTableName=calendars; renameTable newTableName=tc_commands, oldTableName=commands; renameTable newTableName=tc_device_attribute, oldTableName...', '', 'MARK_RAN', NULL, NULL, '3.8.0', '9997410883')
2019-10-02 11:53:31  INFO: Marking ChangeSet: changelog-4.1::changelog-4.1-mssql::author ran despite precondition failure due to onFail='MARK_RAN': 
          ./schema/changelog-master.xml : DBMS Precondition failed: expected mssql, got h2

2019-10-02 11:53:31  INFO: INSERT INTO PUBLIC.DATABASECHANGELOG (ID, AUTHOR, FILENAME, DATEEXECUTED, ORDEREXECUTED, MD5SUM, DESCRIPTION, COMMENTS, EXECTYPE, CONTEXTS, LABELS, LIQUIBASE, DEPLOYMENT_ID) VALUES ('changelog-4.1-mssql', 'author', 'changelog-4.1', NOW(), 28, '8:b148f52efe9c6a3e74a56e33e257a3e2', 'sql; sql; sql; sql', '', 'MARK_RAN', NULL, NULL, '3.8.0', '9997410883')
2019-10-02 11:53:31  INFO: Successfully released change log lock
2019-10-02 11:53:31  INFO: Logging initialized @27278ms to org.eclipse.jetty.util.log.Slf4jLog
2019-10-02 11:53:32  INFO: Operating system name: Windows 10 version: 10.0 architecture: amd64
2019-10-02 11:53:32  INFO: Java runtime name: Java HotSpot(TM) 64-Bit Server VM vendor: Oracle Corporation version: 25.221-b11
2019-10-02 11:53:32  INFO: Memory limit heap: 1796mb non-heap: 0mb
2019-10-02 11:53:32  INFO: Character encoding: Cp1252 charset: windows-1252
2019-10-02 11:53:32  INFO: Version: 4.6
2019-10-02 11:53:32  INFO: Starting server...
2019-10-02 11:53:33  WARN: Port 5040 is disabled due to conflict
2019-10-02 11:53:33  INFO: jetty-9.4.20.v20190813; built: 2019-08-13T21:28:18.144Z; git: 84700530e645e812b336747464d6fbbf370c9a20; jvm 1.8.0_221-b11
2019-10-02 11:53:33  INFO: Started o.t.w.@2e5b7fba{/,null,AVAILABLE}
2019-10-02 11:53:33  INFO: DefaultSessionIdManager workerName=node0
2019-10-02 11:53:33  INFO: No SessionScavenger set, using defaults
2019-10-02 11:53:33  INFO: node0 Scavenging every 660000ms
2019-10-02 11:53:34  INFO: Started o.e.j.s.ServletContextHandler@4fa86cb8{/,null,AVAILABLE}
2019-10-02 11:53:34  INFO: Started ServerConnector@2516fc68{HTTP/1.1,[http/1.1]}{0.0.0.0:8082}
2019-10-02 11:53:34  INFO: Started @30455ms
2019-10-02 11:53:52  INFO: JVM Runtime does not support Modules
2019-10-02 11:54:09  INFO: user: 1, action: login
2019-10-02 12:58:06  INFO: user: 1, action: logout
2019-10-02 15:38:02  WARN: HikariPool-1 - Thread starvation or clock leap detected (housekeeper delta=30m11s802ms551µs899ns).
2019-10-02 15:38:25  INFO: Shutting down server...
2019-10-05 20:23:28  INFO: HikariPool-1 - Starting...
2019-10-05 20:23:29  INFO: HikariPool-1 - Start completed.
2019-10-05 20:23:30  INFO: Clearing database change log checksums
2019-10-05 20:23:30  INFO: SELECT COUNT(*) FROM PUBLIC.DATABASECHANGELOGLOCK
2019-10-05 20:23:30  INFO: SELECT COUNT(*) FROM PUBLIC.DATABASECHANGELOGLOCK
2019-10-05 20:23:30  INFO: SELECT LOCKED FROM PUBLIC.DATABASECHANGELOGLOCK WHERE ID=1
2019-10-05 20:23:30  INFO: Successfully acquired change log lock
2019-10-05 20:23:30  INFO: SELECT MD5SUM FROM PUBLIC.DATABASECHANGELOG WHERE MD5SUM IS NOT NULL
2019-10-05 20:23:30  INFO: UPDATE PUBLIC.DATABASECHANGELOG SET MD5SUM = NULL
2019-10-05 20:23:30  INFO: Successfully released change log lock
2019-10-05 20:23:30  INFO: SELECT COUNT(*) FROM PUBLIC.DATABASECHANGELOGLOCK
2019-10-05 20:23:30  INFO: SELECT COUNT(*) FROM PUBLIC.DATABASECHANGELOGLOCK
2019-10-05 20:23:30  INFO: SELECT LOCKED FROM PUBLIC.DATABASECHANGELOGLOCK WHERE ID=1
2019-10-05 20:23:30  INFO: Successfully acquired change log lock
2019-10-05 20:23:33  INFO: SELECT MD5SUM FROM PUBLIC.DATABASECHANGELOG WHERE MD5SUM IS NOT NULL
2019-10-05 20:23:33  INFO: SELECT COUNT(*) FROM PUBLIC.DATABASECHANGELOG
2019-10-05 20:23:33  INFO: Reading from PUBLIC.DATABASECHANGELOG
2019-10-05 20:23:33  INFO: SELECT * FROM PUBLIC.DATABASECHANGELOG ORDER BY DATEEXECUTED ASC, ORDEREXECUTED ASC
2019-10-05 20:23:33  INFO: UPDATE PUBLIC.DATABASECHANGELOG SET MD5SUM = '8:d59fa93049c031a8bcfbc02958c1942c' WHERE ID = 'changelog-4.0-clean' AND AUTHOR = 'author' AND FILENAME = 'changelog-4.0-clean'
2019-10-05 20:23:33  INFO: UPDATE PUBLIC.DATABASECHANGELOG SET MD5SUM = '8:1adabae3238e02ccc97cc422359a58a0' WHERE ID = 'changelog-4.0-clean-common' AND AUTHOR = 'author' AND FILENAME = 'changelog-4.0-clean'
2019-10-05 20:23:33  INFO: UPDATE PUBLIC.DATABASECHANGELOG SET MD5SUM = '8:ea6f202534dc7845fd1a49e1d8384d9c' WHERE ID = 'changelog-3.3' AND AUTHOR = 'author' AND FILENAME = 'changelog-3.3'
2019-10-05 20:23:33  INFO: UPDATE PUBLIC.DATABASECHANGELOG SET MD5SUM = '8:194e3ae7ec6d201917136e04a26e237b' WHERE ID = 'changelog-3.5' AND AUTHOR = 'author' AND FILENAME = 'changelog-3.5'
2019-10-05 20:23:33  INFO: UPDATE PUBLIC.DATABASECHANGELOG SET MD5SUM = '8:1ec7941b03749f24e365bc6126b07e1a' WHERE ID = 'changelog-3.6' AND AUTHOR = 'author' AND FILENAME = 'changelog-3.6'
2019-10-05 20:23:33  INFO: UPDATE PUBLIC.DATABASECHANGELOG SET MD5SUM = '8:2e444e379f31d0b8e09273ec7ffe87a0' WHERE ID = 'changelog-3.7' AND AUTHOR = 'author' AND FILENAME = 'changelog-3.7'
2019-10-05 20:23:33  INFO: UPDATE PUBLIC.DATABASECHANGELOG SET MD5SUM = '8:974c33d2fb399ef6477c3897450fb078' WHERE ID = 'changelog-3.7-notmssql' AND AUTHOR = 'author' AND FILENAME = 'changelog-3.7'
2019-10-05 20:23:33  INFO: UPDATE PUBLIC.DATABASECHANGELOG SET MD5SUM = '8:74d68027951f8d2ae6bb2e24df8365bc' WHERE ID = 'changelog-3.8' AND AUTHOR = 'author' AND FILENAME = 'changelog-3.8'
2019-10-05 20:23:33  INFO: UPDATE PUBLIC.DATABASECHANGELOG SET MD5SUM = '8:34822842d65deb843a7d16f857d52ecc' WHERE ID = 'changelog-3.9' AND AUTHOR = 'author' AND FILENAME = 'changelog-3.9'
2019-10-05 20:23:33  INFO: UPDATE PUBLIC.DATABASECHANGELOG SET MD5SUM = '8:e1ddbe83e1ecf856a912755fc118f82e' WHERE ID = 'changelog-3.10' AND AUTHOR = 'author' AND FILENAME = 'changelog-3.10'
2019-10-05 20:23:33  INFO: UPDATE PUBLIC.DATABASECHANGELOG SET MD5SUM = '8:191c21d8f0f921845cf93bbc9d0639b9' WHERE ID = 'changelog-3.10-notmssql' AND AUTHOR = 'author' AND FILENAME = 'changelog-3.10'
2019-10-05 20:23:33  INFO: UPDATE PUBLIC.DATABASECHANGELOG SET MD5SUM = '8:ad1f63566e8d08812fbf0b93a118ef6e' WHERE ID = 'changelog-3.10-mssql' AND AUTHOR = 'author' AND FILENAME = 'changelog-3.10'
2019-10-05 20:23:33  INFO: UPDATE PUBLIC.DATABASECHANGELOG SET MD5SUM = '8:127b36b9d32a9d236df51d19b18c3766' WHERE ID = 'changelog-3.7-mssql' AND AUTHOR = 'author' AND FILENAME = 'changelog-3.10'
2019-10-05 20:23:33  INFO: UPDATE PUBLIC.DATABASECHANGELOG SET MD5SUM = '8:7800f890b9706a480bd5a79b591b6ca7' WHERE ID = 'changelog-3.11' AND AUTHOR = 'author' AND FILENAME = 'changelog-3.11'
2019-10-05 20:23:33  INFO: UPDATE PUBLIC.DATABASECHANGELOG SET MD5SUM = '8:5ce520811d626ad325a014b9fcbb1a13' WHERE ID = 'changelog-3.12' AND AUTHOR = 'author' AND FILENAME = 'changelog-3.12'
2019-10-05 20:23:33  INFO: UPDATE PUBLIC.DATABASECHANGELOG SET MD5SUM = '8:a3bf7fabcde29e106fe2f89829a76a84' WHERE ID = 'changelog-3.12-notmssql' AND AUTHOR = 'author' AND FILENAME = 'changelog-3.12'
2019-10-05 20:23:33  INFO: UPDATE PUBLIC.DATABASECHANGELOG SET MD5SUM = '8:cfc881bd2dadb561aa9c1a467bc8cc1c' WHERE ID = 'changelog-3.12-pgsql' AND AUTHOR = 'author' AND FILENAME = 'changelog-3.12'
2019-10-05 20:23:33  INFO: UPDATE PUBLIC.DATABASECHANGELOG SET MD5SUM = '8:1be7e6c0520f8be53ef1b099d96afba5' WHERE ID = 'changelog-3.14' AND AUTHOR = 'author' AND FILENAME = 'changelog-3.14'
2019-10-05 20:23:33  INFO: UPDATE PUBLIC.DATABASECHANGELOG SET MD5SUM = '8:ac8ccec176027e98bbf45dc6c15d9b05' WHERE ID = 'changelog-3.15' AND AUTHOR = 'author' AND FILENAME = 'changelog-3.15'
2019-10-05 20:23:33  INFO: UPDATE PUBLIC.DATABASECHANGELOG SET MD5SUM = '8:b59407d70bfe9bf57bc9968adfbbdf1c' WHERE ID = 'changelog-3.16' AND AUTHOR = 'author' AND FILENAME = 'changelog-3.16'
2019-10-05 20:23:33  INFO: UPDATE PUBLIC.DATABASECHANGELOG SET MD5SUM = '8:3f14c3b08068eb7628d0d3e2941eb2d3' WHERE ID = 'changelog-3.3-admin' AND AUTHOR = 'author' AND FILENAME = 'changelog-3.17'
2019-10-05 20:23:33  INFO: UPDATE PUBLIC.DATABASECHANGELOG SET MD5SUM = '8:8aa3e56afe6ba86cd004fa801507bc28' WHERE ID = 'changelog-3.17' AND AUTHOR = 'author' AND FILENAME = 'changelog-3.17'
2019-10-05 20:23:33  INFO: UPDATE PUBLIC.DATABASECHANGELOG SET MD5SUM = '8:3974bfe5a2e962c0cd663433c832c16a' WHERE ID = 'changelog-4.0-pre' AND AUTHOR = 'author' AND FILENAME = 'changelog-4.0'
2019-10-05 20:23:33  INFO: UPDATE PUBLIC.DATABASECHANGELOG SET MD5SUM = '8:65fb49c5be37693183708351c507dd50' WHERE ID = 'changelog-4.0-common' AND AUTHOR = 'author' AND FILENAME = 'changelog-4.0'
2019-10-05 20:23:33  INFO: UPDATE PUBLIC.DATABASECHANGELOG SET MD5SUM = '8:9831511507d8ae1d6759c8ccf506a27a' WHERE ID = 'changelog-4.0-pg' AND AUTHOR = 'author' AND FILENAME = 'changelog-4.0'
2019-10-05 20:23:33  INFO: UPDATE PUBLIC.DATABASECHANGELOG SET MD5SUM = '8:ac63c4153f5b2ee5c7a07056da269571' WHERE ID = 'changelog-4.0' AND AUTHOR = 'author' AND FILENAME = 'changelog-4.0'
2019-10-05 20:23:33  INFO: UPDATE PUBLIC.DATABASECHANGELOG SET MD5SUM = '8:90aedfa378aa717f8d8ae541f97b87b2' WHERE ID = 'changelog-4.0-renaming' AND AUTHOR = 'author' AND FILENAME = 'changelog-4.0'
2019-10-05 20:23:33  INFO: UPDATE PUBLIC.DATABASECHANGELOG SET MD5SUM = '8:b148f52efe9c6a3e74a56e33e257a3e2' WHERE ID = 'changelog-4.1-mssql' AND AUTHOR = 'author' AND FILENAME = 'changelog-4.1'
2019-10-05 20:23:33  INFO: SELECT COUNT(*) FROM PUBLIC.DATABASECHANGELOG
2019-10-05 20:23:33  INFO: Reading from PUBLIC.DATABASECHANGELOG
2019-10-05 20:23:33  INFO: SELECT * FROM PUBLIC.DATABASECHANGELOG ORDER BY DATEEXECUTED ASC, ORDEREXECUTED ASC
2019-10-05 20:23:33  INFO: Successfully released change log lock
2019-10-05 20:23:33  INFO: Logging initialized @35625ms to org.eclipse.jetty.util.log.Slf4jLog
2019-10-05 20:23:35  INFO: Operating system name: Windows 10 version: 10.0 architecture: amd64
2019-10-05 20:23:35  INFO: Java runtime name: Java HotSpot(TM) 64-Bit Server VM vendor: Oracle Corporation version: 25.221-b11
2019-10-05 20:23:35  INFO: Memory limit heap: 1796mb non-heap: 0mb
2019-10-05 20:23:35  INFO: Character encoding: Cp1252 charset: windows-1252
2019-10-05 20:23:35  INFO: Version: 4.6
2019-10-05 20:23:35  INFO: Starting server...
2019-10-05 20:23:36  WARN: Port 5040 is disabled due to conflict
2019-10-05 20:23:36  INFO: jetty-9.4.20.v20190813; built: 2019-08-13T21:28:18.144Z; git: 84700530e645e812b336747464d6fbbf370c9a20; jvm 1.8.0_221-b11
2019-10-05 20:23:36  INFO: Started o.t.w.@eac3a26{/,null,AVAILABLE}
2019-10-05 20:23:36  INFO: DefaultSessionIdManager workerName=node0
2019-10-05 20:23:36  INFO: No SessionScavenger set, using defaults
2019-10-05 20:23:36  INFO: node0 Scavenging every 600000ms
2019-10-05 20:23:38  INFO: Started o.e.j.s.ServletContextHandler@7fbd3e75{/,null,AVAILABLE}
2019-10-05 20:23:38  INFO: Started ServerConnector@77b21474{HTTP/1.1,[http/1.1]}{0.0.0.0:8082}
2019-10-05 20:23:38  INFO: Started @40097ms
2019-10-05 20:23:39  INFO: JVM Runtime does not support Modules
2019-10-05 20:24:13  INFO: user: 1, action: login
2019-10-16 21:59:48  INFO: HikariPool-1 - Starting...
2019-10-16 21:59:49  INFO: HikariPool-1 - Start completed.
2019-10-16 21:59:50  INFO: Clearing database change log checksums
2019-10-16 21:59:50  INFO: SELECT COUNT(*) FROM PUBLIC.DATABASECHANGELOGLOCK
2019-10-16 21:59:50  INFO: SELECT COUNT(*) FROM PUBLIC.DATABASECHANGELOGLOCK
2019-10-16 21:59:50  INFO: SELECT LOCKED FROM PUBLIC.DATABASECHANGELOGLOCK WHERE ID=1
2019-10-16 21:59:50  INFO: Successfully acquired change log lock
2019-10-16 21:59:50  INFO: SELECT MD5SUM FROM PUBLIC.DATABASECHANGELOG WHERE MD5SUM IS NOT NULL
2019-10-16 21:59:50  INFO: UPDATE PUBLIC.DATABASECHANGELOG SET MD5SUM = NULL
2019-10-16 21:59:50  INFO: Successfully released change log lock
2019-10-16 21:59:50  INFO: SELECT COUNT(*) FROM PUBLIC.DATABASECHANGELOGLOCK
2019-10-16 21:59:50  INFO: SELECT COUNT(*) FROM PUBLIC.DATABASECHANGELOGLOCK
2019-10-16 21:59:50  INFO: SELECT LOCKED FROM PUBLIC.DATABASECHANGELOGLOCK WHERE ID=1
2019-10-16 21:59:50  INFO: Successfully acquired change log lock
2019-10-16 21:59:53  INFO: SELECT MD5SUM FROM PUBLIC.DATABASECHANGELOG WHERE MD5SUM IS NOT NULL
2019-10-16 21:59:53  INFO: SELECT COUNT(*) FROM PUBLIC.DATABASECHANGELOG
2019-10-16 21:59:53  INFO: Reading from PUBLIC.DATABASECHANGELOG
2019-10-16 21:59:53  INFO: SELECT * FROM PUBLIC.DATABASECHANGELOG ORDER BY DATEEXECUTED ASC, ORDEREXECUTED ASC
2019-10-16 21:59:53  INFO: UPDATE PUBLIC.DATABASECHANGELOG SET MD5SUM = '8:d59fa93049c031a8bcfbc02958c1942c' WHERE ID = 'changelog-4.0-clean' AND AUTHOR = 'author' AND FILENAME = 'changelog-4.0-clean'
2019-10-16 21:59:53  INFO: UPDATE PUBLIC.DATABASECHANGELOG SET MD5SUM = '8:1adabae3238e02ccc97cc422359a58a0' WHERE ID = 'changelog-4.0-clean-common' AND AUTHOR = 'author' AND FILENAME = 'changelog-4.0-clean'
2019-10-16 21:59:53  INFO: UPDATE PUBLIC.DATABASECHANGELOG SET MD5SUM = '8:ea6f202534dc7845fd1a49e1d8384d9c' WHERE ID = 'changelog-3.3' AND AUTHOR = 'author' AND FILENAME = 'changelog-3.3'
2019-10-16 21:59:53  INFO: UPDATE PUBLIC.DATABASECHANGELOG SET MD5SUM = '8:194e3ae7ec6d201917136e04a26e237b' WHERE ID = 'changelog-3.5' AND AUTHOR = 'author' AND FILENAME = 'changelog-3.5'
2019-10-16 21:59:53  INFO: UPDATE PUBLIC.DATABASECHANGELOG SET MD5SUM = '8:1ec7941b03749f24e365bc6126b07e1a' WHERE ID = 'changelog-3.6' AND AUTHOR = 'author' AND FILENAME = 'changelog-3.6'
2019-10-16 21:59:53  INFO: UPDATE PUBLIC.DATABASECHANGELOG SET MD5SUM = '8:2e444e379f31d0b8e09273ec7ffe87a0' WHERE ID = 'changelog-3.7' AND AUTHOR = 'author' AND FILENAME = 'changelog-3.7'
2019-10-16 21:59:53  INFO: UPDATE PUBLIC.DATABASECHANGELOG SET MD5SUM = '8:974c33d2fb399ef6477c3897450fb078' WHERE ID = 'changelog-3.7-notmssql' AND AUTHOR = 'author' AND FILENAME = 'changelog-3.7'
2019-10-16 21:59:53  INFO: UPDATE PUBLIC.DATABASECHANGELOG SET MD5SUM = '8:74d68027951f8d2ae6bb2e24df8365bc' WHERE ID = 'changelog-3.8' AND AUTHOR = 'author' AND FILENAME = 'changelog-3.8'
2019-10-16 21:59:53  INFO: UPDATE PUBLIC.DATABASECHANGELOG SET MD5SUM = '8:34822842d65deb843a7d16f857d52ecc' WHERE ID = 'changelog-3.9' AND AUTHOR = 'author' AND FILENAME = 'changelog-3.9'
2019-10-16 21:59:53  INFO: UPDATE PUBLIC.DATABASECHANGELOG SET MD5SUM = '8:e1ddbe83e1ecf856a912755fc118f82e' WHERE ID = 'changelog-3.10' AND AUTHOR = 'author' AND FILENAME = 'changelog-3.10'
2019-10-16 21:59:53  INFO: UPDATE PUBLIC.DATABASECHANGELOG SET MD5SUM = '8:191c21d8f0f921845cf93bbc9d0639b9' WHERE ID = 'changelog-3.10-notmssql' AND AUTHOR = 'author' AND FILENAME = 'changelog-3.10'
2019-10-16 21:59:53  INFO: UPDATE PUBLIC.DATABASECHANGELOG SET MD5SUM = '8:ad1f63566e8d08812fbf0b93a118ef6e' WHERE ID = 'changelog-3.10-mssql' AND AUTHOR = 'author' AND FILENAME = 'changelog-3.10'
2019-10-16 21:59:53  INFO: UPDATE PUBLIC.DATABASECHANGELOG SET MD5SUM = '8:127b36b9d32a9d236df51d19b18c3766' WHERE ID = 'changelog-3.7-mssql' AND AUTHOR = 'author' AND FILENAME = 'changelog-3.10'
2019-10-16 21:59:53  INFO: UPDATE PUBLIC.DATABASECHANGELOG SET MD5SUM = '8:7800f890b9706a480bd5a79b591b6ca7' WHERE ID = 'changelog-3.11' AND AUTHOR = 'author' AND FILENAME = 'changelog-3.11'
2019-10-16 21:59:53  INFO: UPDATE PUBLIC.DATABASECHANGELOG SET MD5SUM = '8:5ce520811d626ad325a014b9fcbb1a13' WHERE ID = 'changelog-3.12' AND AUTHOR = 'author' AND FILENAME = 'changelog-3.12'
2019-10-16 21:59:53  INFO: UPDATE PUBLIC.DATABASECHANGELOG SET MD5SUM = '8:a3bf7fabcde29e106fe2f89829a76a84' WHERE ID = 'changelog-3.12-notmssql' AND AUTHOR = 'author' AND FILENAME = 'changelog-3.12'
2019-10-16 21:59:53  INFO: UPDATE PUBLIC.DATABASECHANGELOG SET MD5SUM = '8:cfc881bd2dadb561aa9c1a467bc8cc1c' WHERE ID = 'changelog-3.12-pgsql' AND AUTHOR = 'author' AND FILENAME = 'changelog-3.12'
2019-10-16 21:59:53  INFO: UPDATE PUBLIC.DATABASECHANGELOG SET MD5SUM = '8:1be7e6c0520f8be53ef1b099d96afba5' WHERE ID = 'changelog-3.14' AND AUTHOR = 'author' AND FILENAME = 'changelog-3.14'
2019-10-16 21:59:53  INFO: UPDATE PUBLIC.DATABASECHANGELOG SET MD5SUM = '8:ac8ccec176027e98bbf45dc6c15d9b05' WHERE ID = 'changelog-3.15' AND AUTHOR = 'author' AND FILENAME = 'changelog-3.15'
2019-10-16 21:59:53  INFO: UPDATE PUBLIC.DATABASECHANGELOG SET MD5SUM = '8:b59407d70bfe9bf57bc9968adfbbdf1c' WHERE ID = 'changelog-3.16' AND AUTHOR = 'author' AND FILENAME = 'changelog-3.16'
2019-10-16 21:59:53  INFO: UPDATE PUBLIC.DATABASECHANGELOG SET MD5SUM = '8:3f14c3b08068eb7628d0d3e2941eb2d3' WHERE ID = 'changelog-3.3-admin' AND AUTHOR = 'author' AND FILENAME = 'changelog-3.17'
2019-10-16 21:59:53  INFO: UPDATE PUBLIC.DATABASECHANGELOG SET MD5SUM = '8:8aa3e56afe6ba86cd004fa801507bc28' WHERE ID = 'changelog-3.17' AND AUTHOR = 'author' AND FILENAME = 'changelog-3.17'
2019-10-16 21:59:53  INFO: UPDATE PUBLIC.DATABASECHANGELOG SET MD5SUM = '8:3974bfe5a2e962c0cd663433c832c16a' WHERE ID = 'changelog-4.0-pre' AND AUTHOR = 'author' AND FILENAME = 'changelog-4.0'
2019-10-16 21:59:53  INFO: UPDATE PUBLIC.DATABASECHANGELOG SET MD5SUM = '8:65fb49c5be37693183708351c507dd50' WHERE ID = 'changelog-4.0-common' AND AUTHOR = 'author' AND FILENAME = 'changelog-4.0'
2019-10-16 21:59:53  INFO: UPDATE PUBLIC.DATABASECHANGELOG SET MD5SUM = '8:9831511507d8ae1d6759c8ccf506a27a' WHERE ID = 'changelog-4.0-pg' AND AUTHOR = 'author' AND FILENAME = 'changelog-4.0'
2019-10-16 21:59:53  INFO: UPDATE PUBLIC.DATABASECHANGELOG SET MD5SUM = '8:ac63c4153f5b2ee5c7a07056da269571' WHERE ID = 'changelog-4.0' AND AUTHOR = 'author' AND FILENAME = 'changelog-4.0'
2019-10-16 21:59:53  INFO: UPDATE PUBLIC.DATABASECHANGELOG SET MD5SUM = '8:90aedfa378aa717f8d8ae541f97b87b2' WHERE ID = 'changelog-4.0-renaming' AND AUTHOR = 'author' AND FILENAME = 'changelog-4.0'
2019-10-16 21:59:53  INFO: UPDATE PUBLIC.DATABASECHANGELOG SET MD5SUM = '8:b148f52efe9c6a3e74a56e33e257a3e2' WHERE ID = 'changelog-4.1-mssql' AND AUTHOR = 'author' AND FILENAME = 'changelog-4.1'
2019-10-16 21:59:53  INFO: SELECT COUNT(*) FROM PUBLIC.DATABASECHANGELOG
2019-10-16 21:59:53  INFO: Reading from PUBLIC.DATABASECHANGELOG
2019-10-16 21:59:53  INFO: SELECT * FROM PUBLIC.DATABASECHANGELOG ORDER BY DATEEXECUTED ASC, ORDEREXECUTED ASC
2019-10-16 21:59:53  INFO: Successfully released change log lock
2019-10-16 21:59:53  INFO: Logging initialized @32195ms to org.eclipse.jetty.util.log.Slf4jLog
2019-10-16 21:59:55  INFO: Operating system name: Windows 10 version: 10.0 architecture: amd64
2019-10-16 21:59:55  INFO: Java runtime name: Java HotSpot(TM) 64-Bit Server VM vendor: Oracle Corporation version: 25.221-b11
2019-10-16 21:59:55  INFO: Memory limit heap: 1796mb non-heap: 0mb
2019-10-16 21:59:55  INFO: Character encoding: Cp1252 charset: windows-1252
2019-10-16 21:59:55  INFO: Version: 4.6
2019-10-16 21:59:55  INFO: Starting server...
2019-10-16 21:59:56  WARN: Port 5040 is disabled due to conflict
2019-10-16 21:59:56  INFO: jetty-9.4.20.v20190813; built: 2019-08-13T21:28:18.144Z; git: 84700530e645e812b336747464d6fbbf370c9a20; jvm 1.8.0_221-b11
2019-10-16 21:59:56  INFO: Started o.t.w.@eac3a26{/,null,AVAILABLE}
2019-10-16 21:59:56  INFO: DefaultSessionIdManager workerName=node0
2019-10-16 21:59:56  INFO: No SessionScavenger set, using defaults
2019-10-16 21:59:56  INFO: node0 Scavenging every 600000ms
2019-10-16 21:59:57  INFO: Started o.e.j.s.ServletContextHandler@7fbd3e75{/,null,AVAILABLE}
2019-10-16 21:59:57  INFO: Started ServerConnector@77b21474{HTTP/1.1,[http/1.1]}{0.0.0.0:8082}
2019-10-16 21:59:57  INFO: Started @36323ms
2019-10-16 21:59:58  INFO: JVM Runtime does not support Modules
2019-10-16 22:00:12  INFO: user: 1, action: login
2019-10-16 22:26:35  WARN: HikariPool-1 - Thread starvation or clock leap detected (housekeeper delta=1m15s553ms655µs300ns).
2019-10-16 22:31:53  INFO: Shutting down server...
2019-10-16 22:32:23  INFO: HikariPool-1 - Starting...
2019-10-16 22:32:24  INFO: HikariPool-1 - Start completed.
2019-10-16 22:32:24  INFO: Clearing database change log checksums
2019-10-16 22:32:24  INFO: SELECT COUNT(*) FROM PUBLIC.DATABASECHANGELOGLOCK
2019-10-16 22:32:24  INFO: SELECT COUNT(*) FROM PUBLIC.DATABASECHANGELOGLOCK
2019-10-16 22:32:24  INFO: SELECT LOCKED FROM PUBLIC.DATABASECHANGELOGLOCK WHERE ID=1
2019-10-16 22:32:24  INFO: Successfully acquired change log lock
2019-10-16 22:32:25  INFO: SELECT MD5SUM FROM PUBLIC.DATABASECHANGELOG WHERE MD5SUM IS NOT NULL
2019-10-16 22:32:25  INFO: UPDATE PUBLIC.DATABASECHANGELOG SET MD5SUM = NULL
2019-10-16 22:32:25  INFO: Successfully released change log lock
2019-10-16 22:32:25  INFO: SELECT COUNT(*) FROM PUBLIC.DATABASECHANGELOGLOCK
2019-10-16 22:32:25  INFO: SELECT COUNT(*) FROM PUBLIC.DATABASECHANGELOGLOCK
2019-10-16 22:32:25  INFO: SELECT LOCKED FROM PUBLIC.DATABASECHANGELOGLOCK WHERE ID=1
2019-10-16 22:32:25  INFO: Successfully acquired change log lock
2019-10-16 22:32:27  INFO: SELECT MD5SUM FROM PUBLIC.DATABASECHANGELOG WHERE MD5SUM IS NOT NULL
2019-10-16 22:32:27  INFO: SELECT COUNT(*) FROM PUBLIC.DATABASECHANGELOG
2019-10-16 22:32:27  INFO: Reading from PUBLIC.DATABASECHANGELOG
2019-10-16 22:32:27  INFO: SELECT * FROM PUBLIC.DATABASECHANGELOG ORDER BY DATEEXECUTED ASC, ORDEREXECUTED ASC
2019-10-16 22:32:27  INFO: UPDATE PUBLIC.DATABASECHANGELOG SET MD5SUM = '8:d59fa93049c031a8bcfbc02958c1942c' WHERE ID = 'changelog-4.0-clean' AND AUTHOR = 'author' AND FILENAME = 'changelog-4.0-clean'
2019-10-16 22:32:27  INFO: UPDATE PUBLIC.DATABASECHANGELOG SET MD5SUM = '8:1adabae3238e02ccc97cc422359a58a0' WHERE ID = 'changelog-4.0-clean-common' AND AUTHOR = 'author' AND FILENAME = 'changelog-4.0-clean'
2019-10-16 22:32:27  INFO: UPDATE PUBLIC.DATABASECHANGELOG SET MD5SUM = '8:ea6f202534dc7845fd1a49e1d8384d9c' WHERE ID = 'changelog-3.3' AND AUTHOR = 'author' AND FILENAME = 'changelog-3.3'
2019-10-16 22:32:27  INFO: UPDATE PUBLIC.DATABASECHANGELOG SET MD5SUM = '8:194e3ae7ec6d201917136e04a26e237b' WHERE ID = 'changelog-3.5' AND AUTHOR = 'author' AND FILENAME = 'changelog-3.5'
2019-10-16 22:32:27  INFO: UPDATE PUBLIC.DATABASECHANGELOG SET MD5SUM = '8:1ec7941b03749f24e365bc6126b07e1a' WHERE ID = 'changelog-3.6' AND AUTHOR = 'author' AND FILENAME = 'changelog-3.6'
2019-10-16 22:32:27  INFO: UPDATE PUBLIC.DATABASECHANGELOG SET MD5SUM = '8:2e444e379f31d0b8e09273ec7ffe87a0' WHERE ID = 'changelog-3.7' AND AUTHOR = 'author' AND FILENAME = 'changelog-3.7'
2019-10-16 22:32:27  INFO: UPDATE PUBLIC.DATABASECHANGELOG SET MD5SUM = '8:974c33d2fb399ef6477c3897450fb078' WHERE ID = 'changelog-3.7-notmssql' AND AUTHOR = 'author' AND FILENAME = 'changelog-3.7'
2019-10-16 22:32:27  INFO: UPDATE PUBLIC.DATABASECHANGELOG SET MD5SUM = '8:74d68027951f8d2ae6bb2e24df8365bc' WHERE ID = 'changelog-3.8' AND AUTHOR = 'author' AND FILENAME = 'changelog-3.8'
2019-10-16 22:32:27  INFO: UPDATE PUBLIC.DATABASECHANGELOG SET MD5SUM = '8:34822842d65deb843a7d16f857d52ecc' WHERE ID = 'changelog-3.9' AND AUTHOR = 'author' AND FILENAME = 'changelog-3.9'
2019-10-16 22:32:27  INFO: UPDATE PUBLIC.DATABASECHANGELOG SET MD5SUM = '8:e1ddbe83e1ecf856a912755fc118f82e' WHERE ID = 'changelog-3.10' AND AUTHOR = 'author' AND FILENAME = 'changelog-3.10'
2019-10-16 22:32:27  INFO: UPDATE PUBLIC.DATABASECHANGELOG SET MD5SUM = '8:191c21d8f0f921845cf93bbc9d0639b9' WHERE ID = 'changelog-3.10-notmssql' AND AUTHOR = 'author' AND FILENAME = 'changelog-3.10'
2019-10-16 22:32:27  INFO: UPDATE PUBLIC.DATABASECHANGELOG SET MD5SUM = '8:ad1f63566e8d08812fbf0b93a118ef6e' WHERE ID = 'changelog-3.10-mssql' AND AUTHOR = 'author' AND FILENAME = 'changelog-3.10'
2019-10-16 22:32:27  INFO: UPDATE PUBLIC.DATABASECHANGELOG SET MD5SUM = '8:127b36b9d32a9d236df51d19b18c3766' WHERE ID = 'changelog-3.7-mssql' AND AUTHOR = 'author' AND FILENAME = 'changelog-3.10'
2019-10-16 22:32:27  INFO: UPDATE PUBLIC.DATABASECHANGELOG SET MD5SUM = '8:7800f890b9706a480bd5a79b591b6ca7' WHERE ID = 'changelog-3.11' AND AUTHOR = 'author' AND FILENAME = 'changelog-3.11'
2019-10-16 22:32:27  INFO: UPDATE PUBLIC.DATABASECHANGELOG SET MD5SUM = '8:5ce520811d626ad325a014b9fcbb1a13' WHERE ID = 'changelog-3.12' AND AUTHOR = 'author' AND FILENAME = 'changelog-3.12'
2019-10-16 22:32:27  INFO: UPDATE PUBLIC.DATABASECHANGELOG SET MD5SUM = '8:a3bf7fabcde29e106fe2f89829a76a84' WHERE ID = 'changelog-3.12-notmssql' AND AUTHOR = 'author' AND FILENAME = 'changelog-3.12'
2019-10-16 22:32:27  INFO: UPDATE PUBLIC.DATABASECHANGELOG SET MD5SUM = '8:cfc881bd2dadb561aa9c1a467bc8cc1c' WHERE ID = 'changelog-3.12-pgsql' AND AUTHOR = 'author' AND FILENAME = 'changelog-3.12'
2019-10-16 22:32:27  INFO: UPDATE PUBLIC.DATABASECHANGELOG SET MD5SUM = '8:1be7e6c0520f8be53ef1b099d96afba5' WHERE ID = 'changelog-3.14' AND AUTHOR = 'author' AND FILENAME = 'changelog-3.14'
2019-10-16 22:32:27  INFO: UPDATE PUBLIC.DATABASECHANGELOG SET MD5SUM = '8:ac8ccec176027e98bbf45dc6c15d9b05' WHERE ID = 'changelog-3.15' AND AUTHOR = 'author' AND FILENAME = 'changelog-3.15'
2019-10-16 22:32:27  INFO: UPDATE PUBLIC.DATABASECHANGELOG SET MD5SUM = '8:b59407d70bfe9bf57bc9968adfbbdf1c' WHERE ID = 'changelog-3.16' AND AUTHOR = 'author' AND FILENAME = 'changelog-3.16'
2019-10-16 22:32:27  INFO: UPDATE PUBLIC.DATABASECHANGELOG SET MD5SUM = '8:3f14c3b08068eb7628d0d3e2941eb2d3' WHERE ID = 'changelog-3.3-admin' AND AUTHOR = 'author' AND FILENAME = 'changelog-3.17'
2019-10-16 22:32:27  INFO: UPDATE PUBLIC.DATABASECHANGELOG SET MD5SUM = '8:8aa3e56afe6ba86cd004fa801507bc28' WHERE ID = 'changelog-3.17' AND AUTHOR = 'author' AND FILENAME = 'changelog-3.17'
2019-10-16 22:32:27  INFO: UPDATE PUBLIC.DATABASECHANGELOG SET MD5SUM = '8:3974bfe5a2e962c0cd663433c832c16a' WHERE ID = 'changelog-4.0-pre' AND AUTHOR = 'author' AND FILENAME = 'changelog-4.0'
2019-10-16 22:32:27  INFO: UPDATE PUBLIC.DATABASECHANGELOG SET MD5SUM = '8:65fb49c5be37693183708351c507dd50' WHERE ID = 'changelog-4.0-common' AND AUTHOR = 'author' AND FILENAME = 'changelog-4.0'
2019-10-16 22:32:27  INFO: UPDATE PUBLIC.DATABASECHANGELOG SET MD5SUM = '8:9831511507d8ae1d6759c8ccf506a27a' WHERE ID = 'changelog-4.0-pg' AND AUTHOR = 'author' AND FILENAME = 'changelog-4.0'
2019-10-16 22:32:27  INFO: UPDATE PUBLIC.DATABASECHANGELOG SET MD5SUM = '8:ac63c4153f5b2ee5c7a07056da269571' WHERE ID = 'changelog-4.0' AND AUTHOR = 'author' AND FILENAME = 'changelog-4.0'
2019-10-16 22:32:27  INFO: UPDATE PUBLIC.DATABASECHANGELOG SET MD5SUM = '8:90aedfa378aa717f8d8ae541f97b87b2' WHERE ID = 'changelog-4.0-renaming' AND AUTHOR = 'author' AND FILENAME = 'changelog-4.0'
2019-10-16 22:32:27  INFO: UPDATE PUBLIC.DATABASECHANGELOG SET MD5SUM = '8:b148f52efe9c6a3e74a56e33e257a3e2' WHERE ID = 'changelog-4.1-mssql' AND AUTHOR = 'author' AND FILENAME = 'changelog-4.1'
2019-10-16 22:32:27  INFO: SELECT COUNT(*) FROM PUBLIC.DATABASECHANGELOG
2019-10-16 22:32:27  INFO: Reading from PUBLIC.DATABASECHANGELOG
2019-10-16 22:32:27  INFO: SELECT * FROM PUBLIC.DATABASECHANGELOG ORDER BY DATEEXECUTED ASC, ORDEREXECUTED ASC
2019-10-16 22:32:27  INFO: Successfully released change log lock
2019-10-16 22:32:28  INFO: Logging initialized @5235ms to org.eclipse.jetty.util.log.Slf4jLog
2019-10-16 22:32:29  INFO: Operating system name: Windows 10 version: 10.0 architecture: amd64
2019-10-16 22:32:29  INFO: Java runtime name: Java HotSpot(TM) 64-Bit Server VM vendor: Oracle Corporation version: 25.221-b11
2019-10-16 22:32:29  INFO: Memory limit heap: 1796mb non-heap: 0mb
2019-10-16 22:32:29  INFO: Character encoding: Cp1252 charset: windows-1252
2019-10-16 22:32:29  INFO: Version: 4.6
2019-10-16 22:32:29  INFO: Starting server...
2019-10-16 22:32:30  WARN: Port 5040 is disabled due to conflict
2019-10-16 22:32:30  INFO: jetty-9.4.20.v20190813; built: 2019-08-13T21:28:18.144Z; git: 84700530e645e812b336747464d6fbbf370c9a20; jvm 1.8.0_221-b11
2019-10-16 22:32:30  INFO: Started o.t.w.@eac3a26{/,null,AVAILABLE}
2019-10-16 22:32:30  INFO: DefaultSessionIdManager workerName=node0
2019-10-16 22:32:30  INFO: No SessionScavenger set, using defaults
2019-10-16 22:32:30  INFO: node0 Scavenging every 660000ms
2019-10-16 22:32:31  INFO: Started o.e.j.s.ServletContextHandler@7fbd3e75{/,null,AVAILABLE}
2019-10-16 22:32:31  INFO: Started ServerConnector@77b21474{HTTP/1.1,[http/1.1]}{0.0.0.0:8082}
2019-10-16 22:32:31  INFO: Started @8718ms
2019-10-16 22:32:35  INFO: JVM Runtime does not support Modules
2019-10-16 22:32:45  INFO: user: 1, action: login
2019-10-16 22:38:16  WARN: HikariPool-1 - Thread starvation or clock leap detected (housekeeper delta=1m31s534ms803µs100ns).
2019-10-16 22:45:04  INFO: user: 1, action: login
2019-10-16 23:06:37  INFO: Shutting down server...
2019-10-23 21:42:09  INFO: HikariPool-1 - Starting...
2019-10-23 21:42:09  INFO: HikariPool-1 - Start completed.
2019-10-23 21:42:10  INFO: Clearing database change log checksums
2019-10-23 21:42:10  INFO: SELECT COUNT(*) FROM PUBLIC.DATABASECHANGELOGLOCK
2019-10-23 21:42:10  INFO: SELECT COUNT(*) FROM PUBLIC.DATABASECHANGELOGLOCK
2019-10-23 21:42:10  INFO: SELECT LOCKED FROM PUBLIC.DATABASECHANGELOGLOCK WHERE ID=1
2019-10-23 21:42:10  INFO: Successfully acquired change log lock
2019-10-23 21:42:11  INFO: SELECT MD5SUM FROM PUBLIC.DATABASECHANGELOG WHERE MD5SUM IS NOT NULL
2019-10-23 21:42:11  INFO: UPDATE PUBLIC.DATABASECHANGELOG SET MD5SUM = NULL
2019-10-23 21:42:11  INFO: Successfully released change log lock
2019-10-23 21:42:11  INFO: SELECT COUNT(*) FROM PUBLIC.DATABASECHANGELOGLOCK
2019-10-23 21:42:11  INFO: SELECT COUNT(*) FROM PUBLIC.DATABASECHANGELOGLOCK
2019-10-23 21:42:11  INFO: SELECT LOCKED FROM PUBLIC.DATABASECHANGELOGLOCK WHERE ID=1
2019-10-23 21:42:11  INFO: Successfully acquired change log lock
2019-10-23 21:42:13  INFO: SELECT MD5SUM FROM PUBLIC.DATABASECHANGELOG WHERE MD5SUM IS NOT NULL
2019-10-23 21:42:13  INFO: SELECT COUNT(*) FROM PUBLIC.DATABASECHANGELOG
2019-10-23 21:42:13  INFO: Reading from PUBLIC.DATABASECHANGELOG
2019-10-23 21:42:13  INFO: SELECT * FROM PUBLIC.DATABASECHANGELOG ORDER BY DATEEXECUTED ASC, ORDEREXECUTED ASC
2019-10-23 21:42:13  INFO: UPDATE PUBLIC.DATABASECHANGELOG SET MD5SUM = '8:d59fa93049c031a8bcfbc02958c1942c' WHERE ID = 'changelog-4.0-clean' AND AUTHOR = 'author' AND FILENAME = 'changelog-4.0-clean'
2019-10-23 21:42:13  INFO: UPDATE PUBLIC.DATABASECHANGELOG SET MD5SUM = '8:1adabae3238e02ccc97cc422359a58a0' WHERE ID = 'changelog-4.0-clean-common' AND AUTHOR = 'author' AND FILENAME = 'changelog-4.0-clean'
2019-10-23 21:42:13  INFO: UPDATE PUBLIC.DATABASECHANGELOG SET MD5SUM = '8:ea6f202534dc7845fd1a49e1d8384d9c' WHERE ID = 'changelog-3.3' AND AUTHOR = 'author' AND FILENAME = 'changelog-3.3'
2019-10-23 21:42:13  INFO: UPDATE PUBLIC.DATABASECHANGELOG SET MD5SUM = '8:194e3ae7ec6d201917136e04a26e237b' WHERE ID = 'changelog-3.5' AND AUTHOR = 'author' AND FILENAME = 'changelog-3.5'
2019-10-23 21:42:13  INFO: UPDATE PUBLIC.DATABASECHANGELOG SET MD5SUM = '8:1ec7941b03749f24e365bc6126b07e1a' WHERE ID = 'changelog-3.6' AND AUTHOR = 'author' AND FILENAME = 'changelog-3.6'
2019-10-23 21:42:13  INFO: UPDATE PUBLIC.DATABASECHANGELOG SET MD5SUM = '8:2e444e379f31d0b8e09273ec7ffe87a0' WHERE ID = 'changelog-3.7' AND AUTHOR = 'author' AND FILENAME = 'changelog-3.7'
2019-10-23 21:42:13  INFO: UPDATE PUBLIC.DATABASECHANGELOG SET MD5SUM = '8:974c33d2fb399ef6477c3897450fb078' WHERE ID = 'changelog-3.7-notmssql' AND AUTHOR = 'author' AND FILENAME = 'changelog-3.7'
2019-10-23 21:42:13  INFO: UPDATE PUBLIC.DATABASECHANGELOG SET MD5SUM = '8:74d68027951f8d2ae6bb2e24df8365bc' WHERE ID = 'changelog-3.8' AND AUTHOR = 'author' AND FILENAME = 'changelog-3.8'
2019-10-23 21:42:13  INFO: UPDATE PUBLIC.DATABASECHANGELOG SET MD5SUM = '8:34822842d65deb843a7d16f857d52ecc' WHERE ID = 'changelog-3.9' AND AUTHOR = 'author' AND FILENAME = 'changelog-3.9'
2019-10-23 21:42:13  INFO: UPDATE PUBLIC.DATABASECHANGELOG SET MD5SUM = '8:e1ddbe83e1ecf856a912755fc118f82e' WHERE ID = 'changelog-3.10' AND AUTHOR = 'author' AND FILENAME = 'changelog-3.10'
2019-10-23 21:42:13  INFO: UPDATE PUBLIC.DATABASECHANGELOG SET MD5SUM = '8:191c21d8f0f921845cf93bbc9d0639b9' WHERE ID = 'changelog-3.10-notmssql' AND AUTHOR = 'author' AND FILENAME = 'changelog-3.10'
2019-10-23 21:42:13  INFO: UPDATE PUBLIC.DATABASECHANGELOG SET MD5SUM = '8:ad1f63566e8d08812fbf0b93a118ef6e' WHERE ID = 'changelog-3.10-mssql' AND AUTHOR = 'author' AND FILENAME = 'changelog-3.10'
2019-10-23 21:42:13  INFO: UPDATE PUBLIC.DATABASECHANGELOG SET MD5SUM = '8:127b36b9d32a9d236df51d19b18c3766' WHERE ID = 'changelog-3.7-mssql' AND AUTHOR = 'author' AND FILENAME = 'changelog-3.10'
2019-10-23 21:42:13  INFO: UPDATE PUBLIC.DATABASECHANGELOG SET MD5SUM = '8:7800f890b9706a480bd5a79b591b6ca7' WHERE ID = 'changelog-3.11' AND AUTHOR = 'author' AND FILENAME = 'changelog-3.11'
2019-10-23 21:42:13  INFO: UPDATE PUBLIC.DATABASECHANGELOG SET MD5SUM = '8:5ce520811d626ad325a014b9fcbb1a13' WHERE ID = 'changelog-3.12' AND AUTHOR = 'author' AND FILENAME = 'changelog-3.12'
2019-10-23 21:42:13  INFO: UPDATE PUBLIC.DATABASECHANGELOG SET MD5SUM = '8:a3bf7fabcde29e106fe2f89829a76a84' WHERE ID = 'changelog-3.12-notmssql' AND AUTHOR = 'author' AND FILENAME = 'changelog-3.12'
2019-10-23 21:42:13  INFO: UPDATE PUBLIC.DATABASECHANGELOG SET MD5SUM = '8:cfc881bd2dadb561aa9c1a467bc8cc1c' WHERE ID = 'changelog-3.12-pgsql' AND AUTHOR = 'author' AND FILENAME = 'changelog-3.12'
2019-10-23 21:42:13  INFO: UPDATE PUBLIC.DATABASECHANGELOG SET MD5SUM = '8:1be7e6c0520f8be53ef1b099d96afba5' WHERE ID = 'changelog-3.14' AND AUTHOR = 'author' AND FILENAME = 'changelog-3.14'
2019-10-23 21:42:13  INFO: UPDATE PUBLIC.DATABASECHANGELOG SET MD5SUM = '8:ac8ccec176027e98bbf45dc6c15d9b05' WHERE ID = 'changelog-3.15' AND AUTHOR = 'author' AND FILENAME = 'changelog-3.15'
2019-10-23 21:42:13  INFO: UPDATE PUBLIC.DATABASECHANGELOG SET MD5SUM = '8:b59407d70bfe9bf57bc9968adfbbdf1c' WHERE ID = 'changelog-3.16' AND AUTHOR = 'author' AND FILENAME = 'changelog-3.16'
2019-10-23 21:42:13  INFO: UPDATE PUBLIC.DATABASECHANGELOG SET MD5SUM = '8:3f14c3b08068eb7628d0d3e2941eb2d3' WHERE ID = 'changelog-3.3-admin' AND AUTHOR = 'author' AND FILENAME = 'changelog-3.17'
2019-10-23 21:42:13  INFO: UPDATE PUBLIC.DATABASECHANGELOG SET MD5SUM = '8:8aa3e56afe6ba86cd004fa801507bc28' WHERE ID = 'changelog-3.17' AND AUTHOR = 'author' AND FILENAME = 'changelog-3.17'
2019-10-23 21:42:13  INFO: UPDATE PUBLIC.DATABASECHANGELOG SET MD5SUM = '8:3974bfe5a2e962c0cd663433c832c16a' WHERE ID = 'changelog-4.0-pre' AND AUTHOR = 'author' AND FILENAME = 'changelog-4.0'
2019-10-23 21:42:13  INFO: UPDATE PUBLIC.DATABASECHANGELOG SET MD5SUM = '8:65fb49c5be37693183708351c507dd50' WHERE ID = 'changelog-4.0-common' AND AUTHOR = 'author' AND FILENAME = 'changelog-4.0'
2019-10-23 21:42:13  INFO: UPDATE PUBLIC.DATABASECHANGELOG SET MD5SUM = '8:9831511507d8ae1d6759c8ccf506a27a' WHERE ID = 'changelog-4.0-pg' AND AUTHOR = 'author' AND FILENAME = 'changelog-4.0'
2019-10-23 21:42:13  INFO: UPDATE PUBLIC.DATABASECHANGELOG SET MD5SUM = '8:ac63c4153f5b2ee5c7a07056da269571' WHERE ID = 'changelog-4.0' AND AUTHOR = 'author' AND FILENAME = 'changelog-4.0'
2019-10-23 21:42:13  INFO: UPDATE PUBLIC.DATABASECHANGELOG SET MD5SUM = '8:90aedfa378aa717f8d8ae541f97b87b2' WHERE ID = 'changelog-4.0-renaming' AND AUTHOR = 'author' AND FILENAME = 'changelog-4.0'
2019-10-23 21:42:13  INFO: UPDATE PUBLIC.DATABASECHANGELOG SET MD5SUM = '8:b148f52efe9c6a3e74a56e33e257a3e2' WHERE ID = 'changelog-4.1-mssql' AND AUTHOR = 'author' AND FILENAME = 'changelog-4.1'
2019-10-23 21:42:13  INFO: SELECT COUNT(*) FROM PUBLIC.DATABASECHANGELOG
2019-10-23 21:42:13  INFO: Reading from PUBLIC.DATABASECHANGELOG
2019-10-23 21:42:13  INFO: SELECT * FROM PUBLIC.DATABASECHANGELOG ORDER BY DATEEXECUTED ASC, ORDEREXECUTED ASC
2019-10-23 21:42:13  INFO: Successfully released change log lock
2019-10-23 21:42:13  INFO: Logging initialized @22782ms to org.eclipse.jetty.util.log.Slf4jLog
2019-10-23 21:42:15  INFO: Operating system name: Windows 10 version: 10.0 architecture: amd64
2019-10-23 21:42:15  INFO: Java runtime name: Java HotSpot(TM) 64-Bit Server VM vendor: Oracle Corporation version: 25.221-b11
2019-10-23 21:42:15  INFO: Memory limit heap: 1796mb non-heap: 0mb
2019-10-23 21:42:15  INFO: Character encoding: Cp1252 charset: windows-1252
2019-10-23 21:42:15  INFO: Version: 4.6
2019-10-23 21:42:15  INFO: Starting server...
2019-10-23 21:42:16  WARN: Port 5040 is disabled due to conflict
2019-10-23 21:42:16  INFO: jetty-9.4.20.v20190813; built: 2019-08-13T21:28:18.144Z; git: 84700530e645e812b336747464d6fbbf370c9a20; jvm 1.8.0_221-b11
2019-10-23 21:42:16  INFO: Started o.t.w.@eac3a26{/,null,AVAILABLE}
2019-10-23 21:42:16  INFO: DefaultSessionIdManager workerName=node0
2019-10-23 21:42:16  INFO: No SessionScavenger set, using defaults
2019-10-23 21:42:16  INFO: node0 Scavenging every 600000ms
2019-10-23 21:42:17  INFO: Started o.e.j.s.ServletContextHandler@7fbd3e75{/,null,AVAILABLE}
2019-10-23 21:42:17  INFO: Started ServerConnector@77b21474{HTTP/1.1,[http/1.1]}{0.0.0.0:8082}
2019-10-23 21:42:17  INFO: Started @26358ms
2019-10-23 21:42:30  INFO: JVM Runtime does not support Modules
2019-10-23 21:42:48  INFO: user: 1, action: login
2019-10-23 21:45:09  INFO: user: 1, action: logout
2019-10-23 22:22:17  INFO: user: 1, action: login
2019-10-23 22:52:06  INFO: user: 1, action: logout
2019-10-23 22:52:13  INFO: Shutting down server...
2019-10-23 22:52:28  INFO: HikariPool-1 - Starting...
2019-10-23 22:52:28  INFO: HikariPool-1 - Start completed.
2019-10-23 22:52:29  INFO: Clearing database change log checksums
2019-10-23 22:52:29  INFO: SELECT COUNT(*) FROM PUBLIC.DATABASECHANGELOGLOCK
2019-10-23 22:52:29  INFO: SELECT COUNT(*) FROM PUBLIC.DATABASECHANGELOGLOCK
2019-10-23 22:52:29  INFO: SELECT LOCKED FROM PUBLIC.DATABASECHANGELOGLOCK WHERE ID=1
2019-10-23 22:52:29  INFO: Successfully acquired change log lock
2019-10-23 22:52:29  INFO: SELECT MD5SUM FROM PUBLIC.DATABASECHANGELOG WHERE MD5SUM IS NOT NULL
2019-10-23 22:52:29  INFO: UPDATE PUBLIC.DATABASECHANGELOG SET MD5SUM = NULL
2019-10-23 22:52:29  INFO: Successfully released change log lock
2019-10-23 22:52:29  INFO: SELECT COUNT(*) FROM PUBLIC.DATABASECHANGELOGLOCK
2019-10-23 22:52:29  INFO: SELECT COUNT(*) FROM PUBLIC.DATABASECHANGELOGLOCK
2019-10-23 22:52:29  INFO: SELECT LOCKED FROM PUBLIC.DATABASECHANGELOGLOCK WHERE ID=1
2019-10-23 22:52:29  INFO: Successfully acquired change log lock
2019-10-23 22:52:31  INFO: SELECT MD5SUM FROM PUBLIC.DATABASECHANGELOG WHERE MD5SUM IS NOT NULL
2019-10-23 22:52:31  INFO: SELECT COUNT(*) FROM PUBLIC.DATABASECHANGELOG
2019-10-23 22:52:31  INFO: Reading from PUBLIC.DATABASECHANGELOG
2019-10-23 22:52:31  INFO: SELECT * FROM PUBLIC.DATABASECHANGELOG ORDER BY DATEEXECUTED ASC, ORDEREXECUTED ASC
2019-10-23 22:52:31  INFO: UPDATE PUBLIC.DATABASECHANGELOG SET MD5SUM = '8:d59fa93049c031a8bcfbc02958c1942c' WHERE ID = 'changelog-4.0-clean' AND AUTHOR = 'author' AND FILENAME = 'changelog-4.0-clean'
2019-10-23 22:52:31  INFO: UPDATE PUBLIC.DATABASECHANGELOG SET MD5SUM = '8:1adabae3238e02ccc97cc422359a58a0' WHERE ID = 'changelog-4.0-clean-common' AND AUTHOR = 'author' AND FILENAME = 'changelog-4.0-clean'
2019-10-23 22:52:31  INFO: UPDATE PUBLIC.DATABASECHANGELOG SET MD5SUM = '8:ea6f202534dc7845fd1a49e1d8384d9c' WHERE ID = 'changelog-3.3' AND AUTHOR = 'author' AND FILENAME = 'changelog-3.3'
2019-10-23 22:52:31  INFO: UPDATE PUBLIC.DATABASECHANGELOG SET MD5SUM = '8:194e3ae7ec6d201917136e04a26e237b' WHERE ID = 'changelog-3.5' AND AUTHOR = 'author' AND FILENAME = 'changelog-3.5'
2019-10-23 22:52:31  INFO: UPDATE PUBLIC.DATABASECHANGELOG SET MD5SUM = '8:1ec7941b03749f24e365bc6126b07e1a' WHERE ID = 'changelog-3.6' AND AUTHOR = 'author' AND FILENAME = 'changelog-3.6'
2019-10-23 22:52:31  INFO: UPDATE PUBLIC.DATABASECHANGELOG SET MD5SUM = '8:2e444e379f31d0b8e09273ec7ffe87a0' WHERE ID = 'changelog-3.7' AND AUTHOR = 'author' AND FILENAME = 'changelog-3.7'
2019-10-23 22:52:31  INFO: UPDATE PUBLIC.DATABASECHANGELOG SET MD5SUM = '8:974c33d2fb399ef6477c3897450fb078' WHERE ID = 'changelog-3.7-notmssql' AND AUTHOR = 'author' AND FILENAME = 'changelog-3.7'
2019-10-23 22:52:31  INFO: UPDATE PUBLIC.DATABASECHANGELOG SET MD5SUM = '8:74d68027951f8d2ae6bb2e24df8365bc' WHERE ID = 'changelog-3.8' AND AUTHOR = 'author' AND FILENAME = 'changelog-3.8'
2019-10-23 22:52:31  INFO: UPDATE PUBLIC.DATABASECHANGELOG SET MD5SUM = '8:34822842d65deb843a7d16f857d52ecc' WHERE ID = 'changelog-3.9' AND AUTHOR = 'author' AND FILENAME = 'changelog-3.9'
2019-10-23 22:52:31  INFO: UPDATE PUBLIC.DATABASECHANGELOG SET MD5SUM = '8:e1ddbe83e1ecf856a912755fc118f82e' WHERE ID = 'changelog-3.10' AND AUTHOR = 'author' AND FILENAME = 'changelog-3.10'
2019-10-23 22:52:31  INFO: UPDATE PUBLIC.DATABASECHANGELOG SET MD5SUM = '8:191c21d8f0f921845cf93bbc9d0639b9' WHERE ID = 'changelog-3.10-notmssql' AND AUTHOR = 'author' AND FILENAME = 'changelog-3.10'
2019-10-23 22:52:31  INFO: UPDATE PUBLIC.DATABASECHANGELOG SET MD5SUM = '8:ad1f63566e8d08812fbf0b93a118ef6e' WHERE ID = 'changelog-3.10-mssql' AND AUTHOR = 'author' AND FILENAME = 'changelog-3.10'
2019-10-23 22:52:31  INFO: UPDATE PUBLIC.DATABASECHANGELOG SET MD5SUM = '8:127b36b9d32a9d236df51d19b18c3766' WHERE ID = 'changelog-3.7-mssql' AND AUTHOR = 'author' AND FILENAME = 'changelog-3.10'
2019-10-23 22:52:31  INFO: UPDATE PUBLIC.DATABASECHANGELOG SET MD5SUM = '8:7800f890b9706a480bd5a79b591b6ca7' WHERE ID = 'changelog-3.11' AND AUTHOR = 'author' AND FILENAME = 'changelog-3.11'
2019-10-23 22:52:31  INFO: UPDATE PUBLIC.DATABASECHANGELOG SET MD5SUM = '8:5ce520811d626ad325a014b9fcbb1a13' WHERE ID = 'changelog-3.12' AND AUTHOR = 'author' AND FILENAME = 'changelog-3.12'
2019-10-23 22:52:31  INFO: UPDATE PUBLIC.DATABASECHANGELOG SET MD5SUM = '8:a3bf7fabcde29e106fe2f89829a76a84' WHERE ID = 'changelog-3.12-notmssql' AND AUTHOR = 'author' AND FILENAME = 'changelog-3.12'
2019-10-23 22:52:31  INFO: UPDATE PUBLIC.DATABASECHANGELOG SET MD5SUM = '8:cfc881bd2dadb561aa9c1a467bc8cc1c' WHERE ID = 'changelog-3.12-pgsql' AND AUTHOR = 'author' AND FILENAME = 'changelog-3.12'
2019-10-23 22:52:31  INFO: UPDATE PUBLIC.DATABASECHANGELOG SET MD5SUM = '8:1be7e6c0520f8be53ef1b099d96afba5' WHERE ID = 'changelog-3.14' AND AUTHOR = 'author' AND FILENAME = 'changelog-3.14'
2019-10-23 22:52:31  INFO: UPDATE PUBLIC.DATABASECHANGELOG SET MD5SUM = '8:ac8ccec176027e98bbf45dc6c15d9b05' WHERE ID = 'changelog-3.15' AND AUTHOR = 'author' AND FILENAME = 'changelog-3.15'
2019-10-23 22:52:31  INFO: UPDATE PUBLIC.DATABASECHANGELOG SET MD5SUM = '8:b59407d70bfe9bf57bc9968adfbbdf1c' WHERE ID = 'changelog-3.16' AND AUTHOR = 'author' AND FILENAME = 'changelog-3.16'
2019-10-23 22:52:31  INFO: UPDATE PUBLIC.DATABASECHANGELOG SET MD5SUM = '8:3f14c3b08068eb7628d0d3e2941eb2d3' WHERE ID = 'changelog-3.3-admin' AND AUTHOR = 'author' AND FILENAME = 'changelog-3.17'
2019-10-23 22:52:31  INFO: UPDATE PUBLIC.DATABASECHANGELOG SET MD5SUM = '8:8aa3e56afe6ba86cd004fa801507bc28' WHERE ID = 'changelog-3.17' AND AUTHOR = 'author' AND FILENAME = 'changelog-3.17'
2019-10-23 22:52:31  INFO: UPDATE PUBLIC.DATABASECHANGELOG SET MD5SUM = '8:3974bfe5a2e962c0cd663433c832c16a' WHERE ID = 'changelog-4.0-pre' AND AUTHOR = 'author' AND FILENAME = 'changelog-4.0'
2019-10-23 22:52:31  INFO: UPDATE PUBLIC.DATABASECHANGELOG SET MD5SUM = '8:65fb49c5be37693183708351c507dd50' WHERE ID = 'changelog-4.0-common' AND AUTHOR = 'author' AND FILENAME = 'changelog-4.0'
2019-10-23 22:52:31  INFO: UPDATE PUBLIC.DATABASECHANGELOG SET MD5SUM = '8:9831511507d8ae1d6759c8ccf506a27a' WHERE ID = 'changelog-4.0-pg' AND AUTHOR = 'author' AND FILENAME = 'changelog-4.0'
2019-10-23 22:52:31  INFO: UPDATE PUBLIC.DATABASECHANGELOG SET MD5SUM = '8:ac63c4153f5b2ee5c7a07056da269571' WHERE ID = 'changelog-4.0' AND AUTHOR = 'author' AND FILENAME = 'changelog-4.0'
2019-10-23 22:52:31  INFO: UPDATE PUBLIC.DATABASECHANGELOG SET MD5SUM = '8:90aedfa378aa717f8d8ae541f97b87b2' WHERE ID = 'changelog-4.0-renaming' AND AUTHOR = 'author' AND FILENAME = 'changelog-4.0'
2019-10-23 22:52:31  INFO: UPDATE PUBLIC.DATABASECHANGELOG SET MD5SUM = '8:b148f52efe9c6a3e74a56e33e257a3e2' WHERE ID = 'changelog-4.1-mssql' AND AUTHOR = 'author' AND FILENAME = 'changelog-4.1'
2019-10-23 22:52:31  INFO: SELECT COUNT(*) FROM PUBLIC.DATABASECHANGELOG
2019-10-23 22:52:31  INFO: Reading from PUBLIC.DATABASECHANGELOG
2019-10-23 22:52:31  INFO: SELECT * FROM PUBLIC.DATABASECHANGELOG ORDER BY DATEEXECUTED ASC, ORDEREXECUTED ASC
2019-10-23 22:52:31  INFO: Successfully released change log lock
2019-10-23 22:52:32  INFO: Logging initialized @14717ms to org.eclipse.jetty.util.log.Slf4jLog
2019-10-23 22:52:33  INFO: Operating system name: Windows 10 version: 10.0 architecture: amd64
2019-10-23 22:52:33  INFO: Java runtime name: Java HotSpot(TM) 64-Bit Server VM vendor: Oracle Corporation version: 25.231-b11
2019-10-23 22:52:33  INFO: Memory limit heap: 1796mb non-heap: 0mb
2019-10-23 22:52:33  INFO: Character encoding: Cp1252 charset: windows-1252
2019-10-23 22:52:33  INFO: Version: 4.6
2019-10-23 22:52:33  INFO: Starting server...
2019-10-23 22:52:33  WARN: Port 5040 is disabled due to conflict
2019-10-23 22:52:33  INFO: jetty-9.4.20.v20190813; built: 2019-08-13T21:28:18.144Z; git: 84700530e645e812b336747464d6fbbf370c9a20; jvm 1.8.0_231-b11
2019-10-23 22:52:33  INFO: Started o.t.w.@eac3a26{/,null,AVAILABLE}
2019-10-23 22:52:33  INFO: DefaultSessionIdManager workerName=node0
2019-10-23 22:52:33  INFO: No SessionScavenger set, using defaults
2019-10-23 22:52:33  INFO: node0 Scavenging every 660000ms
2019-10-23 22:52:34  INFO: Started o.e.j.s.ServletContextHandler@7fbd3e75{/,null,AVAILABLE}
2019-10-23 22:52:34  INFO: Started ServerConnector@77b21474{HTTP/1.1,[http/1.1]}{0.0.0.0:8082}
2019-10-23 22:52:34  INFO: Started @17215ms
2019-10-23 22:52:36  INFO: JVM Runtime does not support Modules
2019-10-23 22:52:50  INFO: user: 1, action: login
2019-10-23 22:55:38  INFO: user: 1, action: logout
2019-10-23 22:55:55  INFO: user: 1, action: login
2019-10-23 22:56:09  INFO: user: 1, action: logout
2019-10-23 22:56:22  INFO: Shutting down server...
